<?xml version="1.0" encoding="UTF-8"?>
<!DOCTYPE coverage SYSTEM "http://cobertura.sourceforge.net/xml/coverage-04.dtd">
<coverage line-rate="0.17941176470588" branch-rate="0" lines-covered="61" lines-valid="340" branches-covered="0" branches-valid="0" complexity="161" version="0.4" timestamp="1760228940">
  <sources>
    <source>/app/src</source>
  </sources>
  <packages>
    <package name="Configuration/Column.php" line-rate="0" branch-rate="0" complexity="4">
      <classes>
        <class name="Playground\Make\Recipe\Configuration\Column" filename="Configuration/Column.php" line-rate="0" branch-rate="0" complexity="4">
          <methods>
            <method name="setOptions" signature="array $options" line-rate="0" branch-rate="0" complexity="3">
              <lines>
                <line number="55" hits="0"/>
                <line number="57" hits="0"/>
                <line number="58" hits="0"/>
                <line number="60" hits="0"/>
                <line number="65" hits="0"/>
              </lines>
            </method>
            <method name="description" signature="" line-rate="0" branch-rate="0" complexity="1">
              <lines>
                <line number="86" hits="0"/>
              </lines>
            </method>
          </methods>
          <lines>
            <line number="55" hits="0"/>
            <line number="57" hits="0"/>
            <line number="58" hits="0"/>
            <line number="60" hits="0"/>
            <line number="65" hits="0"/>
            <line number="86" hits="0"/>
          </lines>
        </class>
      </classes>
    </package>
    <package name="Configuration/Date.php" line-rate="0" branch-rate="0" complexity="14">
      <classes>
        <class name="Playground\Make\Recipe\Configuration\Date" filename="Configuration/Date.php" line-rate="0" branch-rate="0" complexity="14">
          <methods>
            <method name="setOptions" signature="array $options" line-rate="0" branch-rate="0" complexity="9">
              <lines>
                <line number="50" hits="0"/>
                <line number="52" hits="0"/>
                <line number="53" hits="0"/>
                <line number="55" hits="0"/>
                <line number="58" hits="0"/>
                <line number="59" hits="0"/>
                <line number="61" hits="0"/>
                <line number="64" hits="0"/>
                <line number="65" hits="0"/>
                <line number="67" hits="0"/>
                <line number="70" hits="0"/>
                <line number="71" hits="0"/>
                <line number="74" hits="0"/>
                <line number="75" hits="0"/>
                <line number="78" hits="0"/>
              </lines>
            </method>
            <method name="column" signature="" line-rate="0" branch-rate="0" complexity="1">
              <lines>
                <line number="83" hits="0"/>
              </lines>
            </method>
            <method name="description" signature="" line-rate="0" branch-rate="0" complexity="1">
              <lines>
                <line number="88" hits="0"/>
              </lines>
            </method>
            <method name="label" signature="" line-rate="0" branch-rate="0" complexity="1">
              <lines>
                <line number="93" hits="0"/>
              </lines>
            </method>
            <method name="index" signature="" line-rate="0" branch-rate="0" complexity="1">
              <lines>
                <line number="98" hits="0"/>
              </lines>
            </method>
            <method name="nullable" signature="" line-rate="0" branch-rate="0" complexity="1">
              <lines>
                <line number="103" hits="0"/>
              </lines>
            </method>
          </methods>
          <lines>
            <line number="50" hits="0"/>
            <line number="52" hits="0"/>
            <line number="53" hits="0"/>
            <line number="55" hits="0"/>
            <line number="58" hits="0"/>
            <line number="59" hits="0"/>
            <line number="61" hits="0"/>
            <line number="64" hits="0"/>
            <line number="65" hits="0"/>
            <line number="67" hits="0"/>
            <line number="70" hits="0"/>
            <line number="71" hits="0"/>
            <line number="74" hits="0"/>
            <line number="75" hits="0"/>
            <line number="78" hits="0"/>
            <line number="83" hits="0"/>
            <line number="88" hits="0"/>
            <line number="93" hits="0"/>
            <line number="98" hits="0"/>
            <line number="103" hits="0"/>
          </lines>
        </class>
      </classes>
    </package>
    <package name="Configuration/Model.php" line-rate="0" branch-rate="0" complexity="4">
      <classes>
        <class name="Playground\Make\Recipe\Configuration\Model" filename="Configuration/Model.php" line-rate="0" branch-rate="0" complexity="4">
          <methods>
            <method name="setOptions" signature="array $options" line-rate="0" branch-rate="0" complexity="3">
              <lines>
                <line number="55" hits="0"/>
                <line number="57" hits="0"/>
                <line number="58" hits="0"/>
                <line number="60" hits="0"/>
                <line number="65" hits="0"/>
              </lines>
            </method>
            <method name="description" signature="" line-rate="0" branch-rate="0" complexity="1">
              <lines>
                <line number="86" hits="0"/>
              </lines>
            </method>
          </methods>
          <lines>
            <line number="55" hits="0"/>
            <line number="57" hits="0"/>
            <line number="58" hits="0"/>
            <line number="60" hits="0"/>
            <line number="65" hits="0"/>
            <line number="86" hits="0"/>
          </lines>
        </class>
      </classes>
    </package>
    <package name="Configuration/Recipe.php" line-rate="0" branch-rate="0" complexity="33">
      <classes>
        <class name="Playground\Make\Recipe\Configuration\Recipe" filename="Configuration/Recipe.php" line-rate="0" branch-rate="0" complexity="33">
          <methods>
            <method name="setOptions" signature="array $options" line-rate="0" branch-rate="0" complexity="9">
              <lines>
                <line number="59" hits="0"/>
                <line number="61" hits="0"/>
                <line number="62" hits="0"/>
                <line number="64" hits="0"/>
                <line number="67" hits="0"/>
                <line number="68" hits="0"/>
                <line number="70" hits="0"/>
                <line number="73" hits="0"/>
                <line number="74" hits="0"/>
                <line number="76" hits="0"/>
                <line number="79" hits="0"/>
                <line number="80" hits="0"/>
                <line number="84" hits="0"/>
              </lines>
            </method>
            <method name="addDate" signature="string $column, Date $date" line-rate="0" branch-rate="0" complexity="1">
              <lines>
                <line number="89" hits="0"/>
                <line number="90" hits="0"/>
                <line number="91" hits="0"/>
                <line number="93" hits="0"/>
              </lines>
            </method>
            <method name="removeDate" signature="string $column" line-rate="0" branch-rate="0" complexity="1">
              <lines>
                <line number="98" hits="0"/>
                <line number="99" hits="0"/>
                <line number="101" hits="0"/>
              </lines>
            </method>
            <method name="addDates" signature="array $dates" line-rate="0" branch-rate="0" complexity="16">
              <lines>
                <line number="109" hits="0"/>
                <line number="110" hits="0"/>
                <line number="111" hits="0"/>
                <line number="112" hits="0"/>
                <line number="113" hits="0"/>
                <line number="114" hits="0"/>
                <line number="116" hits="0"/>
                <line number="118" hits="0"/>
                <line number="120" hits="0"/>
                <line number="121" hits="0"/>
                <line number="122" hits="0"/>
                <line number="124" hits="0"/>
                <line number="126" hits="0"/>
                <line number="127" hits="0"/>
                <line number="128" hits="0"/>
                <line number="130" hits="0"/>
                <line number="132" hits="0"/>
                <line number="133" hits="0"/>
                <line number="135" hits="0"/>
                <line number="136" hits="0"/>
                <line number="138" hits="0"/>
                <line number="142" hits="0"/>
              </lines>
            </method>
            <method name="date" signature="string $column" line-rate="0" branch-rate="0" complexity="1">
              <lines>
                <line number="163" hits="0"/>
                <line number="165" hits="0"/>
              </lines>
            </method>
            <method name="dates" signature="" line-rate="0" branch-rate="0" complexity="1">
              <lines>
                <line number="173" hits="0"/>
              </lines>
            </method>
            <method name="description" signature="" line-rate="0" branch-rate="0" complexity="1">
              <lines>
                <line number="178" hits="0"/>
              </lines>
            </method>
            <method name="slug" signature="" line-rate="0" branch-rate="0" complexity="1">
              <lines>
                <line number="183" hits="0"/>
              </lines>
            </method>
            <method name="title" signature="" line-rate="0" branch-rate="0" complexity="1">
              <lines>
                <line number="188" hits="0"/>
              </lines>
            </method>
            <method name="models" signature="" line-rate="0" branch-rate="0" complexity="1">
              <lines>
                <line number="196" hits="0"/>
              </lines>
            </method>
          </methods>
          <lines>
            <line number="59" hits="0"/>
            <line number="61" hits="0"/>
            <line number="62" hits="0"/>
            <line number="64" hits="0"/>
            <line number="67" hits="0"/>
            <line number="68" hits="0"/>
            <line number="70" hits="0"/>
            <line number="73" hits="0"/>
            <line number="74" hits="0"/>
            <line number="76" hits="0"/>
            <line number="79" hits="0"/>
            <line number="80" hits="0"/>
            <line number="84" hits="0"/>
            <line number="89" hits="0"/>
            <line number="90" hits="0"/>
            <line number="91" hits="0"/>
            <line number="93" hits="0"/>
            <line number="98" hits="0"/>
            <line number="99" hits="0"/>
            <line number="101" hits="0"/>
            <line number="109" hits="0"/>
            <line number="110" hits="0"/>
            <line number="111" hits="0"/>
            <line number="112" hits="0"/>
            <line number="113" hits="0"/>
            <line number="114" hits="0"/>
            <line number="116" hits="0"/>
            <line number="118" hits="0"/>
            <line number="120" hits="0"/>
            <line number="121" hits="0"/>
            <line number="122" hits="0"/>
            <line number="124" hits="0"/>
            <line number="126" hits="0"/>
            <line number="127" hits="0"/>
            <line number="128" hits="0"/>
            <line number="130" hits="0"/>
            <line number="132" hits="0"/>
            <line number="133" hits="0"/>
            <line number="135" hits="0"/>
            <line number="136" hits="0"/>
            <line number="138" hits="0"/>
            <line number="142" hits="0"/>
            <line number="163" hits="0"/>
            <line number="165" hits="0"/>
            <line number="173" hits="0"/>
            <line number="178" hits="0"/>
            <line number="183" hits="0"/>
            <line number="188" hits="0"/>
            <line number="196" hits="0"/>
          </lines>
        </class>
      </classes>
    </package>
    <package name="Console/Commands/RecipeMakeCommand.php" line-rate="0" branch-rate="0" complexity="8">
      <classes>
        <class name="Playground\Make\Recipe\Console\Commands\RecipeMakeCommand" filename="Console/Commands/RecipeMakeCommand.php" line-rate="0" branch-rate="0" complexity="8">
          <methods>
            <method name="prepareOptions" signature="" line-rate="0" branch-rate="0" complexity="4">
              <lines>
                <line number="92" hits="0"/>
                <line number="93" hits="0"/>
                <line number="94" hits="0"/>
                <line number="95" hits="0"/>
                <line number="104" hits="0"/>
                <line number="105" hits="0"/>
                <line number="108" hits="0"/>
              </lines>
            </method>
            <method name="handle" signature="" line-rate="0" branch-rate="0" complexity="1">
              <lines>
                <line number="125" hits="0"/>
                <line number="127" hits="0"/>
                <line number="129" hits="0"/>
                <line number="131" hits="0"/>
              </lines>
            </method>
            <method name="getStub" signature="" line-rate="0" branch-rate="0" complexity="1">
              <lines>
                <line number="155" hits="0"/>
              </lines>
            </method>
            <method name="getOptions" signature="" line-rate="0" branch-rate="0" complexity="1">
              <lines>
                <line number="165" hits="0"/>
                <line number="173" hits="0"/>
              </lines>
            </method>
            <method name="getConfigurationFilename" signature="" line-rate="0" branch-rate="0" complexity="1">
              <lines>
                <line number="178" hits="0"/>
                <line number="179" hits="0"/>
                <line number="180" hits="0"/>
                <line number="181" hits="0"/>
              </lines>
            </method>
          </methods>
          <lines>
            <line number="92" hits="0"/>
            <line number="93" hits="0"/>
            <line number="94" hits="0"/>
            <line number="95" hits="0"/>
            <line number="104" hits="0"/>
            <line number="105" hits="0"/>
            <line number="108" hits="0"/>
            <line number="125" hits="0"/>
            <line number="127" hits="0"/>
            <line number="129" hits="0"/>
            <line number="131" hits="0"/>
            <line number="155" hits="0"/>
            <line number="165" hits="0"/>
            <line number="173" hits="0"/>
            <line number="178" hits="0"/>
            <line number="179" hits="0"/>
            <line number="180" hits="0"/>
            <line number="181" hits="0"/>
          </lines>
        </class>
      </classes>
    </package>
    <package name="Http/Controllers/Controller.php" line-rate="0" branch-rate="0" complexity="1">
      <classes>
        <class name="Playground\Make\Recipe\Http\Controllers\Controller" filename="Http/Controllers/Controller.php" line-rate="0" branch-rate="0" complexity="1">
          <methods>
            <method name="packageInfo" signature="" line-rate="0" branch-rate="0" complexity="1">
              <lines>
                <line number="39" hits="0"/>
              </lines>
            </method>
          </methods>
          <lines>
            <line number="39" hits="0"/>
          </lines>
        </class>
      </classes>
    </package>
    <package name="Http/Controllers/DateController.php" line-rate="0" branch-rate="0" complexity="17">
      <classes>
        <class name="Playground\Make\Recipe\Http\Controllers\DateController" filename="Http/Controllers/DateController.php" line-rate="0" branch-rate="0" complexity="17">
          <methods>
            <method name="delete" signature="Manager $manager, string $recipe_slug, string $column" line-rate="0" branch-rate="0" complexity="2">
              <lines>
                <line number="41" hits="0"/>
                <line number="48" hits="0"/>
                <line number="49" hits="0"/>
                <line number="50" hits="0"/>
                <line number="51" hits="0"/>
                <line number="52" hits="0"/>
                <line number="54" hits="0"/>
                <line number="56" hits="0"/>
                <line number="58" hits="0"/>
                <line number="60" hits="0"/>
              </lines>
            </method>
            <method name="index" signature="string $recipe_slug, Manager $manager" line-rate="0" branch-rate="0" complexity="2">
              <lines>
                <line number="68" hits="0"/>
                <line number="73" hits="0"/>
                <line number="74" hits="0"/>
                <line number="75" hits="0"/>
                <line number="76" hits="0"/>
                <line number="77" hits="0"/>
                <line number="80" hits="0"/>
                <line number="85" hits="0"/>
                <line number="87" hits="0"/>
                <line number="88" hits="0"/>
                <line number="89" hits="0"/>
                <line number="90" hits="0"/>
                <line number="91" hits="0"/>
              </lines>
            </method>
            <method name="form" signature="string $recipe_slug, FormDateRequest $request, Manager $manager, ?string $column" line-rate="0" branch-rate="0" complexity="7">
              <lines>
                <line number="104" hits="0"/>
                <line number="109" hits="0"/>
                <line number="110" hits="0"/>
                <line number="111" hits="0"/>
                <line number="112" hits="0"/>
                <line number="113" hits="0"/>
                <line number="116" hits="0"/>
                <line number="118" hits="0"/>
                <line number="120" hits="0"/>
                <line number="122" hits="0"/>
                <line number="123" hits="0"/>
                <line number="126" hits="0"/>
                <line number="127" hits="0"/>
                <line number="130" hits="0"/>
                <line number="131" hits="0"/>
                <line number="133" hits="0"/>
                <line number="136" hits="0"/>
                <line number="138" hits="0"/>
                <line number="140" hits="0"/>
                <line number="146" hits="0"/>
                <line number="148" hits="0"/>
                <line number="149" hits="0"/>
                <line number="150" hits="0"/>
                <line number="151" hits="0"/>
                <line number="152" hits="0"/>
                <line number="153" hits="0"/>
                <line number="154" hits="0"/>
                <line number="155" hits="0"/>
                <line number="160" hits="0"/>
                <line number="162" hits="0"/>
              </lines>
            </method>
            <method name="save" signature="string $recipe_slug, SaveDateRequest $request, Manager $manager, ?string $column" line-rate="0" branch-rate="0" complexity="6">
              <lines>
                <line number="175" hits="0"/>
                <line number="181" hits="0"/>
                <line number="182" hits="0"/>
                <line number="183" hits="0"/>
                <line number="184" hits="0"/>
                <line number="185" hits="0"/>
                <line number="198" hits="0"/>
                <line number="200" hits="0"/>
                <line number="201" hits="0"/>
                <line number="204" hits="0"/>
                <line number="206" hits="0"/>
                <line number="207" hits="0"/>
                <line number="209" hits="0"/>
                <line number="218" hits="0"/>
                <line number="225" hits="0"/>
                <line number="227" hits="0"/>
                <line number="229" hits="0"/>
                <line number="238" hits="0"/>
                <line number="239" hits="0"/>
                <line number="242" hits="0"/>
                <line number="243" hits="0"/>
                <line number="244" hits="0"/>
              </lines>
            </method>
          </methods>
          <lines>
            <line number="41" hits="0"/>
            <line number="48" hits="0"/>
            <line number="49" hits="0"/>
            <line number="50" hits="0"/>
            <line number="51" hits="0"/>
            <line number="52" hits="0"/>
            <line number="54" hits="0"/>
            <line number="56" hits="0"/>
            <line number="58" hits="0"/>
            <line number="60" hits="0"/>
            <line number="68" hits="0"/>
            <line number="73" hits="0"/>
            <line number="74" hits="0"/>
            <line number="75" hits="0"/>
            <line number="76" hits="0"/>
            <line number="77" hits="0"/>
            <line number="80" hits="0"/>
            <line number="85" hits="0"/>
            <line number="87" hits="0"/>
            <line number="88" hits="0"/>
            <line number="89" hits="0"/>
            <line number="90" hits="0"/>
            <line number="91" hits="0"/>
            <line number="104" hits="0"/>
            <line number="109" hits="0"/>
            <line number="110" hits="0"/>
            <line number="111" hits="0"/>
            <line number="112" hits="0"/>
            <line number="113" hits="0"/>
            <line number="116" hits="0"/>
            <line number="118" hits="0"/>
            <line number="120" hits="0"/>
            <line number="122" hits="0"/>
            <line number="123" hits="0"/>
            <line number="126" hits="0"/>
            <line number="127" hits="0"/>
            <line number="130" hits="0"/>
            <line number="131" hits="0"/>
            <line number="133" hits="0"/>
            <line number="136" hits="0"/>
            <line number="138" hits="0"/>
            <line number="140" hits="0"/>
            <line number="146" hits="0"/>
            <line number="148" hits="0"/>
            <line number="149" hits="0"/>
            <line number="150" hits="0"/>
            <line number="151" hits="0"/>
            <line number="152" hits="0"/>
            <line number="153" hits="0"/>
            <line number="154" hits="0"/>
            <line number="155" hits="0"/>
            <line number="160" hits="0"/>
            <line number="162" hits="0"/>
            <line number="175" hits="0"/>
            <line number="181" hits="0"/>
            <line number="182" hits="0"/>
            <line number="183" hits="0"/>
            <line number="184" hits="0"/>
            <line number="185" hits="0"/>
            <line number="198" hits="0"/>
            <line number="200" hits="0"/>
            <line number="201" hits="0"/>
            <line number="204" hits="0"/>
            <line number="206" hits="0"/>
            <line number="207" hits="0"/>
            <line number="209" hits="0"/>
            <line number="218" hits="0"/>
            <line number="225" hits="0"/>
            <line number="227" hits="0"/>
            <line number="229" hits="0"/>
            <line number="238" hits="0"/>
            <line number="239" hits="0"/>
            <line number="242" hits="0"/>
            <line number="243" hits="0"/>
            <line number="244" hits="0"/>
          </lines>
        </class>
      </classes>
    </package>
    <package name="Http/Controllers/ModelController.php" line-rate="0" branch-rate="0" complexity="8">
      <classes>
        <class name="Playground\Make\Recipe\Http\Controllers\ModelController" filename="Http/Controllers/ModelController.php" line-rate="0" branch-rate="0" complexity="8">
          <methods>
            <method name="delete" signature="Manager $manager, string $slug" line-rate="0" branch-rate="0" complexity="1">
              <lines>
                <line number="39" hits="0"/>
                <line number="41" hits="0"/>
              </lines>
            </method>
            <method name="form" signature="Manager $manager, ?string $slug" line-rate="0" branch-rate="0" complexity="2">
              <lines>
                <line number="49" hits="0"/>
                <line number="54" hits="0"/>
                <line number="56" hits="0"/>
                <line number="57" hits="0"/>
                <line number="58" hits="0"/>
                <line number="59" hits="0"/>
                <line number="60" hits="0"/>
              </lines>
            </method>
            <method name="index" signature="Manager $manager" line-rate="0" branch-rate="0" complexity="1">
              <lines>
                <line number="68" hits="0"/>
                <line number="73" hits="0"/>
                <line number="75" hits="0"/>
                <line number="76" hits="0"/>
                <line number="77" hits="0"/>
                <line number="78" hits="0"/>
              </lines>
            </method>
            <method name="save" signature="Manager $manager, ?string $slug" line-rate="0" branch-rate="0" complexity="2">
              <lines>
                <line number="86" hits="0"/>
                <line number="91" hits="0"/>
                <line number="93" hits="0"/>
                <line number="94" hits="0"/>
                <line number="95" hits="0"/>
                <line number="96" hits="0"/>
                <line number="97" hits="0"/>
              </lines>
            </method>
            <method name="addModel" signature="Manager $manager, Requests\AddModelRequest $request" line-rate="0" branch-rate="0" complexity="1">
              <lines>
                <line number="105" hits="0"/>
                <line number="107" hits="0"/>
                <line number="108" hits="0"/>
                <line number="109" hits="0"/>
              </lines>
            </method>
            <method name="deleteModel" signature="Manager $manager, Requests\DeleteModelRequest $request" line-rate="0" branch-rate="0" complexity="1">
              <lines>
                <line number="117" hits="0"/>
                <line number="119" hits="0"/>
                <line number="120" hits="0"/>
                <line number="121" hits="0"/>
              </lines>
            </method>
          </methods>
          <lines>
            <line number="39" hits="0"/>
            <line number="41" hits="0"/>
            <line number="49" hits="0"/>
            <line number="54" hits="0"/>
            <line number="56" hits="0"/>
            <line number="57" hits="0"/>
            <line number="58" hits="0"/>
            <line number="59" hits="0"/>
            <line number="60" hits="0"/>
            <line number="68" hits="0"/>
            <line number="73" hits="0"/>
            <line number="75" hits="0"/>
            <line number="76" hits="0"/>
            <line number="77" hits="0"/>
            <line number="78" hits="0"/>
            <line number="86" hits="0"/>
            <line number="91" hits="0"/>
            <line number="93" hits="0"/>
            <line number="94" hits="0"/>
            <line number="95" hits="0"/>
            <line number="96" hits="0"/>
            <line number="97" hits="0"/>
            <line number="105" hits="0"/>
            <line number="107" hits="0"/>
            <line number="108" hits="0"/>
            <line number="109" hits="0"/>
            <line number="117" hits="0"/>
            <line number="119" hits="0"/>
            <line number="120" hits="0"/>
            <line number="121" hits="0"/>
          </lines>
        </class>
      </classes>
    </package>
    <package name="Http/Controllers/RecipeController.php" line-rate="0" branch-rate="0" complexity="10">
      <classes>
        <class name="Playground\Make\Recipe\Http\Controllers\RecipeController" filename="Http/Controllers/RecipeController.php" line-rate="0" branch-rate="0" complexity="10">
          <methods>
            <method name="delete" signature="Manager $manager, string $recipe_slug" line-rate="0" branch-rate="0" complexity="1">
              <lines>
                <line number="40" hits="0"/>
                <line number="42" hits="0"/>
              </lines>
            </method>
            <method name="form" signature="FormRecipeRequest $request, Manager $manager, ?string $recipe_slug" line-rate="0" branch-rate="0" complexity="4">
              <lines>
                <line number="50" hits="0"/>
                <line number="52" hits="0"/>
                <line number="54" hits="0"/>
                <line number="56" hits="0"/>
                <line number="58" hits="0"/>
                <line number="59" hits="0"/>
                <line number="62" hits="0"/>
                <line number="64" hits="0"/>
                <line number="70" hits="0"/>
                <line number="72" hits="0"/>
                <line number="73" hits="0"/>
                <line number="74" hits="0"/>
                <line number="75" hits="0"/>
                <line number="76" hits="0"/>
                <line number="77" hits="0"/>
                <line number="82" hits="0"/>
                <line number="84" hits="0"/>
              </lines>
            </method>
            <method name="index" signature="Manager $manager" line-rate="0" branch-rate="0" complexity="1">
              <lines>
                <line number="92" hits="0"/>
                <line number="97" hits="0"/>
                <line number="99" hits="0"/>
                <line number="100" hits="0"/>
                <line number="101" hits="0"/>
                <line number="102" hits="0"/>
              </lines>
            </method>
            <method name="save" signature="SaveRecipeRequest $request, Manager $manager, ?string $recipe_slug" line-rate="0" branch-rate="0" complexity="4">
              <lines>
                <line number="119" hits="0"/>
                <line number="121" hits="0"/>
                <line number="122" hits="0"/>
                <line number="124" hits="0"/>
                <line number="127" hits="0"/>
                <line number="129" hits="0"/>
                <line number="131" hits="0"/>
                <line number="132" hits="0"/>
                <line number="140" hits="0"/>
              </lines>
            </method>
          </methods>
          <lines>
            <line number="40" hits="0"/>
            <line number="42" hits="0"/>
            <line number="50" hits="0"/>
            <line number="52" hits="0"/>
            <line number="54" hits="0"/>
            <line number="56" hits="0"/>
            <line number="58" hits="0"/>
            <line number="59" hits="0"/>
            <line number="62" hits="0"/>
            <line number="64" hits="0"/>
            <line number="70" hits="0"/>
            <line number="72" hits="0"/>
            <line number="73" hits="0"/>
            <line number="74" hits="0"/>
            <line number="75" hits="0"/>
            <line number="76" hits="0"/>
            <line number="77" hits="0"/>
            <line number="82" hits="0"/>
            <line number="84" hits="0"/>
            <line number="92" hits="0"/>
            <line number="97" hits="0"/>
            <line number="99" hits="0"/>
            <line number="100" hits="0"/>
            <line number="101" hits="0"/>
            <line number="102" hits="0"/>
            <line number="119" hits="0"/>
            <line number="121" hits="0"/>
            <line number="122" hits="0"/>
            <line number="124" hits="0"/>
            <line number="127" hits="0"/>
            <line number="129" hits="0"/>
            <line number="131" hits="0"/>
            <line number="132" hits="0"/>
            <line number="140" hits="0"/>
          </lines>
        </class>
      </classes>
    </package>
    <package name="Http/Requests/Date/FormDateRequest.php" line-rate="0" branch-rate="0" complexity="0">
      <classes>
        <class name="Playground\Make\Recipe\Http\Requests\Date\FormDateRequest" filename="Http/Requests/Date/FormDateRequest.php" line-rate="0" branch-rate="0" complexity="0">
          <methods/>
          <lines/>
        </class>
      </classes>
    </package>
    <package name="Http/Requests/Date/SaveDateRequest.php" line-rate="0" branch-rate="0" complexity="6">
      <classes>
        <class name="Playground\Make\Recipe\Http\Requests\Date\SaveDateRequest" filename="Http/Requests/Date/SaveDateRequest.php" line-rate="0" branch-rate="0" complexity="6">
          <methods>
            <method name="prepareForValidation" signature="" line-rate="0" branch-rate="0" complexity="6">
              <lines>
                <line number="30" hits="0"/>
                <line number="32" hits="0"/>
                <line number="33" hits="0"/>
                <line number="36" hits="0"/>
                <line number="37" hits="0"/>
                <line number="40" hits="0"/>
                <line number="41" hits="0"/>
              </lines>
            </method>
          </methods>
          <lines>
            <line number="30" hits="0"/>
            <line number="32" hits="0"/>
            <line number="33" hits="0"/>
            <line number="36" hits="0"/>
            <line number="37" hits="0"/>
            <line number="40" hits="0"/>
            <line number="41" hits="0"/>
          </lines>
        </class>
      </classes>
    </package>
    <package name="Http/Requests/FormRequest.php" line-rate="0" branch-rate="0" complexity="2">
      <classes>
        <class name="Playground\Make\Recipe\Http\Requests\FormRequest" filename="Http/Requests/FormRequest.php" line-rate="0" branch-rate="0" complexity="2">
          <methods>
            <method name="authorize" signature="" line-rate="0" branch-rate="0" complexity="1">
              <lines>
                <line number="34" hits="0"/>
              </lines>
            </method>
            <method name="rules" signature="" line-rate="0" branch-rate="0" complexity="1">
              <lines>
                <line number="44" hits="0"/>
              </lines>
            </method>
          </methods>
          <lines>
            <line number="34" hits="0"/>
            <line number="44" hits="0"/>
          </lines>
        </class>
      </classes>
    </package>
    <package name="Http/Requests/Model/AddModelRequest.php" line-rate="0" branch-rate="0" complexity="0">
      <classes>
        <class name="Playground\Make\Recipe\Http\Requests\AddModelRequest" filename="Http/Requests/Model/AddModelRequest.php" line-rate="0" branch-rate="0" complexity="0">
          <methods/>
          <lines/>
        </class>
      </classes>
    </package>
    <package name="Http/Requests/Model/DeleteModelRequest.php" line-rate="0" branch-rate="0" complexity="0">
      <classes>
        <class name="Playground\Make\Recipe\Http\Requests\DeleteModelRequest" filename="Http/Requests/Model/DeleteModelRequest.php" line-rate="0" branch-rate="0" complexity="0">
          <methods/>
          <lines/>
        </class>
      </classes>
    </package>
    <package name="Http/Requests/Recipe/FormRecipeRequest.php" line-rate="0" branch-rate="0" complexity="0">
      <classes>
        <class name="Playground\Make\Recipe\Http\Requests\Recipe\FormRecipeRequest" filename="Http/Requests/Recipe/FormRecipeRequest.php" line-rate="0" branch-rate="0" complexity="0">
          <methods/>
          <lines/>
        </class>
      </classes>
    </package>
    <package name="Http/Requests/Recipe/SaveRecipeRequest.php" line-rate="0" branch-rate="0" complexity="0">
      <classes>
        <class name="Playground\Make\Recipe\Http\Requests\Recipe\SaveRecipeRequest" filename="Http/Requests/Recipe/SaveRecipeRequest.php" line-rate="0" branch-rate="0" complexity="0">
          <methods/>
          <lines/>
        </class>
      </classes>
    </package>
    <package name="Manager.php" line-rate="0" branch-rate="0" complexity="14">
      <classes>
        <class name="Playground\Make\Recipe\Manager" filename="Manager.php" line-rate="0" branch-rate="0" complexity="14">
          <methods>
            <method name="slug" signature="" line-rate="0" branch-rate="0" complexity="1">
              <lines>
                <line number="31" hits="0"/>
              </lines>
            </method>
            <method name="redis" signature="" line-rate="0" branch-rate="0" complexity="4">
              <lines>
                <line number="36" hits="0"/>
                <line number="37" hits="0"/>
                <line number="38" hits="0"/>
                <line number="39" hits="0"/>
                <line number="40" hits="0"/>
                <line number="43" hits="0"/>
              </lines>
            </method>
            <method name="delete" signature="string $slug" line-rate="0" branch-rate="0" complexity="1">
              <lines>
                <line number="48" hits="0"/>
                <line number="50" hits="0"/>
              </lines>
            </method>
            <method name="get" signature="string $slug" line-rate="0" branch-rate="0" complexity="4">
              <lines>
                <line number="55" hits="0"/>
                <line number="56" hits="0"/>
                <line number="58" hits="0"/>
                <line number="59" hits="0"/>
                <line number="62" hits="0"/>
                <line number="63" hits="0"/>
                <line number="65" hits="0"/>
              </lines>
            </method>
            <method name="index" signature="" line-rate="0" branch-rate="0" complexity="2">
              <lines>
                <line number="73" hits="0"/>
                <line number="75" hits="0"/>
                <line number="76" hits="0"/>
                <line number="79" hits="0"/>
              </lines>
            </method>
            <method name="addModel" signature="array $attributes" line-rate="0" branch-rate="0" complexity="1">
              <lines>
                <line number="87" hits="0"/>
                <line number="88" hits="0"/>
                <line number="89" hits="0"/>
                <line number="90" hits="0"/>
                <line number="92" hits="0"/>
              </lines>
            </method>
            <method name="save" signature="Recipe $recipe" line-rate="0" branch-rate="0" complexity="1">
              <lines>
                <line number="101" hits="0"/>
                <line number="103" hits="0"/>
                <line number="104" hits="0"/>
                <line number="105" hits="0"/>
                <line number="106" hits="0"/>
                <line number="108" hits="0"/>
              </lines>
            </method>
          </methods>
          <lines>
            <line number="31" hits="0"/>
            <line number="36" hits="0"/>
            <line number="37" hits="0"/>
            <line number="38" hits="0"/>
            <line number="39" hits="0"/>
            <line number="40" hits="0"/>
            <line number="43" hits="0"/>
            <line number="48" hits="0"/>
            <line number="50" hits="0"/>
            <line number="55" hits="0"/>
            <line number="56" hits="0"/>
            <line number="58" hits="0"/>
            <line number="59" hits="0"/>
            <line number="62" hits="0"/>
            <line number="63" hits="0"/>
            <line number="65" hits="0"/>
            <line number="73" hits="0"/>
            <line number="75" hits="0"/>
            <line number="76" hits="0"/>
            <line number="79" hits="0"/>
            <line number="87" hits="0"/>
            <line number="88" hits="0"/>
            <line number="89" hits="0"/>
            <line number="90" hits="0"/>
            <line number="92" hits="0"/>
            <line number="101" hits="0"/>
            <line number="103" hits="0"/>
            <line number="104" hits="0"/>
            <line number="105" hits="0"/>
            <line number="106" hits="0"/>
            <line number="108" hits="0"/>
          </lines>
        </class>
      </classes>
    </package>
    <package name="ServiceProvider.php" line-rate="1" branch-rate="0" complexity="40">
      <classes>
        <class name="Playground\Make\Recipe\ServiceProvider" filename="ServiceProvider.php" line-rate="1" branch-rate="0" complexity="40">
          <methods>
            <method name="boot" signature="" line-rate="1" branch-rate="0" complexity="11">
              <lines>
                <line number="61" hits="1"/>
                <line number="63" hits="1"/>
                <line number="65" hits="1"/>
                <line number="66" hits="1"/>
                <line number="69" hits="1"/>
                <line number="70" hits="1"/>
                <line number="71" hits="1"/>
                <line number="72" hits="1"/>
                <line number="73" hits="1"/>
                <line number="76" hits="1"/>
                <line number="77" hits="1"/>
                <line number="78" hits="1"/>
                <line number="80" hits="1"/>
                <line number="83" hits="1"/>
                <line number="84" hits="1"/>
                <line number="85" hits="1"/>
                <line number="86" hits="1"/>
                <line number="87" hits="1"/>
                <line number="92" hits="1"/>
                <line number="94" hits="1"/>
                <line number="95" hits="1"/>
                <line number="96" hits="1"/>
                <line number="99" hits="1"/>
                <line number="100" hits="1"/>
                <line number="101" hits="1"/>
                <line number="104" hits="1"/>
                <line number="105" hits="1"/>
              </lines>
            </method>
            <method name="boot_commands" signature="" line-rate="1" branch-rate="0" complexity="1">
              <lines>
                <line number="114" hits="1"/>
                <line number="116" hits="1"/>
                <line number="118" hits="1"/>
                <line number="120" hits="1"/>
              </lines>
            </method>
            <method name="register" signature="" line-rate="1" branch-rate="0" complexity="1">
              <lines>
                <line number="128" hits="1"/>
                <line number="129" hits="1"/>
                <line number="130" hits="1"/>
                <line number="131" hits="1"/>
              </lines>
            </method>
            <method name="routes" signature="array $config" line-rate="1" branch-rate="0" complexity="2">
              <lines>
                <line number="139" hits="1"/>
                <line number="140" hits="1"/>
                <line number="141" hits="1"/>
              </lines>
            </method>
            <method name="about" signature="" line-rate="1" branch-rate="0" complexity="25">
              <lines>
                <line number="147" hits="1"/>
                <line number="148" hits="1"/>
                <line number="150" hits="1"/>
                <line number="152" hits="1"/>
                <line number="154" hits="1"/>
                <line number="156" hits="1"/>
                <line number="158" hits="1"/>
                <line number="159" hits="1"/>
                <line number="160" hits="1"/>
                <line number="161" hits="1"/>
                <line number="162" hits="1"/>
                <line number="164" hits="1"/>
                <line number="165" hits="1"/>
                <line number="166" hits="1"/>
                <line number="168" hits="1"/>
                <line number="170" hits="1"/>
                <line number="171" hits="1"/>
                <line number="172" hits="1"/>
                <line number="173" hits="1"/>
                <line number="175" hits="1"/>
                <line number="177" hits="1"/>
                <line number="178" hits="1"/>
                <line number="179" hits="1"/>
              </lines>
            </method>
          </methods>
          <lines>
            <line number="61" hits="1"/>
            <line number="63" hits="1"/>
            <line number="65" hits="1"/>
            <line number="66" hits="1"/>
            <line number="69" hits="1"/>
            <line number="70" hits="1"/>
            <line number="71" hits="1"/>
            <line number="72" hits="1"/>
            <line number="73" hits="1"/>
            <line number="76" hits="1"/>
            <line number="77" hits="1"/>
            <line number="78" hits="1"/>
            <line number="80" hits="1"/>
            <line number="83" hits="1"/>
            <line number="84" hits="1"/>
            <line number="85" hits="1"/>
            <line number="86" hits="1"/>
            <line number="87" hits="1"/>
            <line number="92" hits="1"/>
            <line number="94" hits="1"/>
            <line number="95" hits="1"/>
            <line number="96" hits="1"/>
            <line number="99" hits="1"/>
            <line number="100" hits="1"/>
            <line number="101" hits="1"/>
            <line number="104" hits="1"/>
            <line number="105" hits="1"/>
            <line number="114" hits="1"/>
            <line number="116" hits="1"/>
            <line number="118" hits="1"/>
            <line number="120" hits="1"/>
            <line number="128" hits="1"/>
            <line number="129" hits="1"/>
            <line number="130" hits="1"/>
            <line number="131" hits="1"/>
            <line number="139" hits="1"/>
            <line number="140" hits="1"/>
            <line number="141" hits="1"/>
            <line number="147" hits="1"/>
            <line number="148" hits="1"/>
            <line number="150" hits="1"/>
            <line number="152" hits="1"/>
            <line number="154" hits="1"/>
            <line number="156" hits="1"/>
            <line number="158" hits="1"/>
            <line number="159" hits="1"/>
            <line number="160" hits="1"/>
            <line number="161" hits="1"/>
            <line number="162" hits="1"/>
            <line number="164" hits="1"/>
            <line number="165" hits="1"/>
            <line number="166" hits="1"/>
            <line number="168" hits="1"/>
            <line number="170" hits="1"/>
            <line number="171" hits="1"/>
            <line number="172" hits="1"/>
            <line number="173" hits="1"/>
            <line number="175" hits="1"/>
            <line number="177" hits="1"/>
            <line number="178" hits="1"/>
            <line number="179" hits="1"/>
          </lines>
        </class>
      </classes>
    </package>
  </packages>
</coverage>
