<?xml version="1.0" encoding="UTF-8"?>
<!DOCTYPE coverage SYSTEM "http://cobertura.sourceforge.net/xml/coverage-04.dtd">
<coverage line-rate="0.039204212990053" branch-rate="0" lines-covered="67" lines-valid="1709" branches-covered="0" branches-valid="0" complexity="713" version="0.4" timestamp="1763234385">
  <sources>
    <source>/app/src</source>
  </sources>
  <packages>
    <package name="Building/BuildDates.php" line-rate="0" branch-rate="0" complexity="8">
      <classes>
        <class name="Playground\Make\Recipe\Building\BuildDates" filename="Building/BuildDates.php" line-rate="0" branch-rate="0" complexity="8">
          <methods>
            <method name="buildClass_dates" signature="array $dates" line-rate="0" branch-rate="0" complexity="8">
              <lines>
                <line number="23" hits="0"/>
                <line number="24" hits="0"/>
                <line number="27" hits="0"/>
                <line number="29" hits="0"/>
                <line number="31" hits="0"/>
                <line number="37" hits="0"/>
                <line number="38" hits="0"/>
                <line number="40" hits="0"/>
                <line number="41" hits="0"/>
                <line number="42" hits="0"/>
                <line number="45" hits="0"/>
                <line number="46" hits="0"/>
                <line number="47" hits="0"/>
                <line number="50" hits="0"/>
                <line number="51" hits="0"/>
                <line number="53" hits="0"/>
                <line number="54" hits="0"/>
                <line number="56" hits="0"/>
                <line number="57" hits="0"/>
                <line number="58" hits="0"/>
                <line number="61" hits="0"/>
                <line number="62" hits="0"/>
                <line number="64" hits="0"/>
                <line number="67" hits="0"/>
                <line number="69" hits="0"/>
                <line number="70" hits="0"/>
                <line number="71" hits="0"/>
                <line number="73" hits="0"/>
              </lines>
            </method>
          </methods>
          <lines>
            <line number="23" hits="0"/>
            <line number="24" hits="0"/>
            <line number="27" hits="0"/>
            <line number="29" hits="0"/>
            <line number="31" hits="0"/>
            <line number="37" hits="0"/>
            <line number="38" hits="0"/>
            <line number="40" hits="0"/>
            <line number="41" hits="0"/>
            <line number="42" hits="0"/>
            <line number="45" hits="0"/>
            <line number="46" hits="0"/>
            <line number="47" hits="0"/>
            <line number="50" hits="0"/>
            <line number="51" hits="0"/>
            <line number="53" hits="0"/>
            <line number="54" hits="0"/>
            <line number="56" hits="0"/>
            <line number="57" hits="0"/>
            <line number="58" hits="0"/>
            <line number="61" hits="0"/>
            <line number="62" hits="0"/>
            <line number="64" hits="0"/>
            <line number="67" hits="0"/>
            <line number="69" hits="0"/>
            <line number="70" hits="0"/>
            <line number="71" hits="0"/>
            <line number="73" hits="0"/>
          </lines>
        </class>
      </classes>
    </package>
    <package name="Building/BuildFactoryStates.php" line-rate="0" branch-rate="0" complexity="9">
      <classes>
        <class name="Playground\Make\Recipe\Building\BuildFactoryStates" filename="Building/BuildFactoryStates.php" line-rate="0" branch-rate="0" complexity="9">
          <methods>
            <method name="buildClass_factoryStates" signature="array $factoryStates" line-rate="0" branch-rate="0" complexity="9">
              <lines>
                <line number="23" hits="0"/>
                <line number="24" hits="0"/>
                <line number="27" hits="0"/>
                <line number="29" hits="0"/>
                <line number="31" hits="0"/>
                <line number="37" hits="0"/>
                <line number="38" hits="0"/>
                <line number="40" hits="0"/>
                <line number="41" hits="0"/>
                <line number="42" hits="0"/>
                <line number="45" hits="0"/>
                <line number="46" hits="0"/>
                <line number="47" hits="0"/>
                <line number="50" hits="0"/>
                <line number="52" hits="0"/>
                <line number="54" hits="0"/>
                <line number="55" hits="0"/>
                <line number="56" hits="0"/>
                <line number="57" hits="0"/>
                <line number="58" hits="0"/>
                <line number="59" hits="0"/>
                <line number="60" hits="0"/>
                <line number="61" hits="0"/>
                <line number="62" hits="0"/>
                <line number="65" hits="0"/>
                <line number="66" hits="0"/>
                <line number="68" hits="0"/>
                <line number="69" hits="0"/>
                <line number="71" hits="0"/>
                <line number="74" hits="0"/>
                <line number="76" hits="0"/>
                <line number="77" hits="0"/>
                <line number="78" hits="0"/>
                <line number="80" hits="0"/>
              </lines>
            </method>
          </methods>
          <lines>
            <line number="23" hits="0"/>
            <line number="24" hits="0"/>
            <line number="27" hits="0"/>
            <line number="29" hits="0"/>
            <line number="31" hits="0"/>
            <line number="37" hits="0"/>
            <line number="38" hits="0"/>
            <line number="40" hits="0"/>
            <line number="41" hits="0"/>
            <line number="42" hits="0"/>
            <line number="45" hits="0"/>
            <line number="46" hits="0"/>
            <line number="47" hits="0"/>
            <line number="50" hits="0"/>
            <line number="52" hits="0"/>
            <line number="54" hits="0"/>
            <line number="55" hits="0"/>
            <line number="56" hits="0"/>
            <line number="57" hits="0"/>
            <line number="58" hits="0"/>
            <line number="59" hits="0"/>
            <line number="60" hits="0"/>
            <line number="61" hits="0"/>
            <line number="62" hits="0"/>
            <line number="65" hits="0"/>
            <line number="66" hits="0"/>
            <line number="68" hits="0"/>
            <line number="69" hits="0"/>
            <line number="71" hits="0"/>
            <line number="74" hits="0"/>
            <line number="76" hits="0"/>
            <line number="77" hits="0"/>
            <line number="78" hits="0"/>
            <line number="80" hits="0"/>
          </lines>
        </class>
      </classes>
    </package>
    <package name="Building/BuildIds.php" line-rate="0" branch-rate="0" complexity="11">
      <classes>
        <class name="Playground\Make\Recipe\Building\BuildIds" filename="Building/BuildIds.php" line-rate="0" branch-rate="0" complexity="11">
          <methods>
            <method name="buildClass_ids" signature="Recipe $recipe" line-rate="0" branch-rate="0" complexity="5">
              <lines>
                <line number="22" hits="0"/>
                <line number="25" hits="0"/>
                <line number="27" hits="0"/>
                <line number="28" hits="0"/>
                <line number="31" hits="0"/>
                <line number="33" hits="0"/>
                <line number="34" hits="0"/>
                <line number="36" hits="0"/>
                <line number="38" hits="0"/>
                <line number="41" hits="0"/>
                <line number="43" hits="0"/>
                <line number="45" hits="0"/>
                <line number="46" hits="0"/>
                <line number="47" hits="0"/>
                <line number="49" hits="0"/>
              </lines>
            </method>
            <method name="buildClass_id" signature="Recipe $recipe, PackageModel $packageModel" line-rate="0" branch-rate="0" complexity="4">
              <lines>
                <line number="54" hits="0"/>
                <line number="55" hits="0"/>
                <line number="62" hits="0"/>
                <line number="63" hits="0"/>
                <line number="65" hits="0"/>
                <line number="66" hits="0"/>
                <line number="67" hits="0"/>
                <line number="69" hits="0"/>
                <line number="70" hits="0"/>
                <line number="72" hits="0"/>
                <line number="73" hits="0"/>
                <line number="75" hits="0"/>
                <line number="77" hits="0"/>
                <line number="78" hits="0"/>
                <line number="80" hits="0"/>
                <line number="81" hits="0"/>
                <line number="83" hits="0"/>
                <line number="84" hits="0"/>
                <line number="86" hits="0"/>
                <line number="87" hits="0"/>
                <line number="89" hits="0"/>
                <line number="90" hits="0"/>
                <line number="93" hits="0"/>
                <line number="94" hits="0"/>
                <line number="96" hits="0"/>
                <line number="98" hits="0"/>
              </lines>
            </method>
            <method name="buildClass_parent_id" signature="Recipe $recipe" line-rate="0" branch-rate="0" complexity="2">
              <lines>
                <line number="103" hits="0"/>
                <line number="104" hits="0"/>
                <line number="107" hits="0"/>
                <line number="108" hits="0"/>
                <line number="110" hits="0"/>
                <line number="111" hits="0"/>
                <line number="113" hits="0"/>
                <line number="114" hits="0"/>
                <line number="116" hits="0"/>
                <line number="117" hits="0"/>
                <line number="119" hits="0"/>
                <line number="120" hits="0"/>
                <line number="122" hits="0"/>
                <line number="123" hits="0"/>
                <line number="125" hits="0"/>
                <line number="126" hits="0"/>
                <line number="128" hits="0"/>
                <line number="129" hits="0"/>
                <line number="131" hits="0"/>
                <line number="132" hits="0"/>
                <line number="134" hits="0"/>
                <line number="135" hits="0"/>
                <line number="137" hits="0"/>
                <line number="138" hits="0"/>
                <line number="140" hits="0"/>
                <line number="142" hits="0"/>
              </lines>
            </method>
          </methods>
          <lines>
            <line number="22" hits="0"/>
            <line number="25" hits="0"/>
            <line number="27" hits="0"/>
            <line number="28" hits="0"/>
            <line number="31" hits="0"/>
            <line number="33" hits="0"/>
            <line number="34" hits="0"/>
            <line number="36" hits="0"/>
            <line number="38" hits="0"/>
            <line number="41" hits="0"/>
            <line number="43" hits="0"/>
            <line number="45" hits="0"/>
            <line number="46" hits="0"/>
            <line number="47" hits="0"/>
            <line number="49" hits="0"/>
            <line number="54" hits="0"/>
            <line number="55" hits="0"/>
            <line number="62" hits="0"/>
            <line number="63" hits="0"/>
            <line number="65" hits="0"/>
            <line number="66" hits="0"/>
            <line number="67" hits="0"/>
            <line number="69" hits="0"/>
            <line number="70" hits="0"/>
            <line number="72" hits="0"/>
            <line number="73" hits="0"/>
            <line number="75" hits="0"/>
            <line number="77" hits="0"/>
            <line number="78" hits="0"/>
            <line number="80" hits="0"/>
            <line number="81" hits="0"/>
            <line number="83" hits="0"/>
            <line number="84" hits="0"/>
            <line number="86" hits="0"/>
            <line number="87" hits="0"/>
            <line number="89" hits="0"/>
            <line number="90" hits="0"/>
            <line number="93" hits="0"/>
            <line number="94" hits="0"/>
            <line number="96" hits="0"/>
            <line number="98" hits="0"/>
            <line number="103" hits="0"/>
            <line number="104" hits="0"/>
            <line number="107" hits="0"/>
            <line number="108" hits="0"/>
            <line number="110" hits="0"/>
            <line number="111" hits="0"/>
            <line number="113" hits="0"/>
            <line number="114" hits="0"/>
            <line number="116" hits="0"/>
            <line number="117" hits="0"/>
            <line number="119" hits="0"/>
            <line number="120" hits="0"/>
            <line number="122" hits="0"/>
            <line number="123" hits="0"/>
            <line number="125" hits="0"/>
            <line number="126" hits="0"/>
            <line number="128" hits="0"/>
            <line number="129" hits="0"/>
            <line number="131" hits="0"/>
            <line number="132" hits="0"/>
            <line number="134" hits="0"/>
            <line number="135" hits="0"/>
            <line number="137" hits="0"/>
            <line number="138" hits="0"/>
            <line number="140" hits="0"/>
            <line number="142" hits="0"/>
          </lines>
        </class>
      </classes>
    </package>
    <package name="Building/BuildJsonColumns.php" line-rate="0" branch-rate="0" complexity="13">
      <classes>
        <class name="Playground\Make\Recipe\Building\BuildJsonColumns" filename="Building/BuildJsonColumns.php" line-rate="0" branch-rate="0" complexity="13">
          <methods>
            <method name="buildClass_jsonColumns" signature="array $jsonColumns" line-rate="0" branch-rate="0" complexity="13">
              <lines>
                <line number="23" hits="0"/>
                <line number="24" hits="0"/>
                <line number="27" hits="0"/>
                <line number="29" hits="0"/>
                <line number="31" hits="0"/>
                <line number="37" hits="0"/>
                <line number="38" hits="0"/>
                <line number="40" hits="0"/>
                <line number="41" hits="0"/>
                <line number="42" hits="0"/>
                <line number="45" hits="0"/>
                <line number="46" hits="0"/>
                <line number="47" hits="0"/>
                <line number="50" hits="0"/>
                <line number="51" hits="0"/>
                <line number="52" hits="0"/>
                <line number="55" hits="0"/>
                <line number="57" hits="0"/>
                <line number="59" hits="0"/>
                <line number="60" hits="0"/>
                <line number="61" hits="0"/>
                <line number="62" hits="0"/>
                <line number="63" hits="0"/>
                <line number="64" hits="0"/>
                <line number="65" hits="0"/>
                <line number="66" hits="0"/>
                <line number="67" hits="0"/>
                <line number="70" hits="0"/>
                <line number="71" hits="0"/>
                <line number="73" hits="0"/>
                <line number="74" hits="0"/>
                <line number="76" hits="0"/>
                <line number="77" hits="0"/>
                <line number="78" hits="0"/>
                <line number="81" hits="0"/>
                <line number="82" hits="0"/>
                <line number="83" hits="0"/>
                <line number="86" hits="0"/>
                <line number="87" hits="0"/>
                <line number="89" hits="0"/>
                <line number="92" hits="0"/>
                <line number="94" hits="0"/>
                <line number="95" hits="0"/>
                <line number="96" hits="0"/>
                <line number="98" hits="0"/>
              </lines>
            </method>
          </methods>
          <lines>
            <line number="23" hits="0"/>
            <line number="24" hits="0"/>
            <line number="27" hits="0"/>
            <line number="29" hits="0"/>
            <line number="31" hits="0"/>
            <line number="37" hits="0"/>
            <line number="38" hits="0"/>
            <line number="40" hits="0"/>
            <line number="41" hits="0"/>
            <line number="42" hits="0"/>
            <line number="45" hits="0"/>
            <line number="46" hits="0"/>
            <line number="47" hits="0"/>
            <line number="50" hits="0"/>
            <line number="51" hits="0"/>
            <line number="52" hits="0"/>
            <line number="55" hits="0"/>
            <line number="57" hits="0"/>
            <line number="59" hits="0"/>
            <line number="60" hits="0"/>
            <line number="61" hits="0"/>
            <line number="62" hits="0"/>
            <line number="63" hits="0"/>
            <line number="64" hits="0"/>
            <line number="65" hits="0"/>
            <line number="66" hits="0"/>
            <line number="67" hits="0"/>
            <line number="70" hits="0"/>
            <line number="71" hits="0"/>
            <line number="73" hits="0"/>
            <line number="74" hits="0"/>
            <line number="76" hits="0"/>
            <line number="77" hits="0"/>
            <line number="78" hits="0"/>
            <line number="81" hits="0"/>
            <line number="82" hits="0"/>
            <line number="83" hits="0"/>
            <line number="86" hits="0"/>
            <line number="87" hits="0"/>
            <line number="89" hits="0"/>
            <line number="92" hits="0"/>
            <line number="94" hits="0"/>
            <line number="95" hits="0"/>
            <line number="96" hits="0"/>
            <line number="98" hits="0"/>
          </lines>
        </class>
      </classes>
    </package>
    <package name="Building/CookBook.php" line-rate="0" branch-rate="0" complexity="13">
      <classes>
        <class name="Playground\Make\Recipe\Building\CookBook" filename="Building/CookBook.php" line-rate="0" branch-rate="0" complexity="13">
          <methods>
            <method name="getStub" signature="" line-rate="0" branch-rate="0" complexity="1">
              <lines>
                <line number="48" hits="0"/>
                <line number="50" hits="0"/>
              </lines>
            </method>
            <method name="replace" signature="string $destination" line-rate="0" branch-rate="0" complexity="3">
              <lines>
                <line number="55" hits="0"/>
                <line number="56" hits="0"/>
                <line number="57" hits="0"/>
                <line number="58" hits="0"/>
                <line number="59" hits="0"/>
                <line number="60" hits="0"/>
                <line number="61" hits="0"/>
              </lines>
            </method>
            <method name="search_and_replace" signature="string $stub" line-rate="0" branch-rate="0" complexity="2">
              <lines>
                <line number="68" hits="0"/>
                <line number="69" hits="0"/>
                <line number="70" hits="0"/>
                <line number="71" hits="0"/>
                <line number="72" hits="0"/>
                <line number="75" hits="0"/>
              </lines>
            </method>
            <method name="defaults" signature="Recipe $recipe" line-rate="0" branch-rate="0" complexity="3">
              <lines>
                <line number="83" hits="0"/>
                <line number="85" hits="0"/>
                <line number="86" hits="0"/>
              </lines>
            </method>
            <method name="mix" signature="Recipe $recipe" line-rate="0" branch-rate="0" complexity="3">
              <lines>
                <line number="92" hits="0"/>
                <line number="93" hits="0"/>
                <line number="96" hits="0"/>
                <line number="97" hits="0"/>
              </lines>
            </method>
            <method name="bake" signature="Recipe $recipe, string $path" line-rate="0" branch-rate="0" complexity="1">
              <lines>
                <line number="103" hits="0"/>
                <line number="105" hits="0"/>
                <line number="106" hits="0"/>
                <line number="107" hits="0"/>
                <line number="108" hits="0"/>
                <line number="110" hits="0"/>
                <line number="112" hits="0"/>
                <line number="114" hits="0"/>
              </lines>
            </method>
          </methods>
          <lines>
            <line number="48" hits="0"/>
            <line number="50" hits="0"/>
            <line number="55" hits="0"/>
            <line number="56" hits="0"/>
            <line number="57" hits="0"/>
            <line number="58" hits="0"/>
            <line number="59" hits="0"/>
            <line number="60" hits="0"/>
            <line number="61" hits="0"/>
            <line number="68" hits="0"/>
            <line number="69" hits="0"/>
            <line number="70" hits="0"/>
            <line number="71" hits="0"/>
            <line number="72" hits="0"/>
            <line number="75" hits="0"/>
            <line number="83" hits="0"/>
            <line number="85" hits="0"/>
            <line number="86" hits="0"/>
            <line number="92" hits="0"/>
            <line number="93" hits="0"/>
            <line number="96" hits="0"/>
            <line number="97" hits="0"/>
            <line number="103" hits="0"/>
            <line number="105" hits="0"/>
            <line number="106" hits="0"/>
            <line number="107" hits="0"/>
            <line number="108" hits="0"/>
            <line number="110" hits="0"/>
            <line number="112" hits="0"/>
            <line number="114" hits="0"/>
          </lines>
        </class>
      </classes>
    </package>
    <package name="Configuration/Column.php" line-rate="0" branch-rate="0" complexity="49">
      <classes>
        <class name="Playground\Make\Recipe\Configuration\Column" filename="Configuration/Column.php" line-rate="0" branch-rate="0" complexity="49">
          <methods>
            <method name="allowedTypes" signature="" line-rate="0" branch-rate="0" complexity="1">
              <lines>
                <line number="117" hits="0"/>
              </lines>
            </method>
            <method name="setOptions" signature="array $options" line-rate="0" branch-rate="0" complexity="34">
              <lines>
                <line number="125" hits="0"/>
                <line number="127" hits="0"/>
                <line number="128" hits="0"/>
                <line number="130" hits="0"/>
                <line number="133" hits="0"/>
                <line number="134" hits="0"/>
                <line number="136" hits="0"/>
                <line number="137" hits="0"/>
                <line number="138" hits="0"/>
                <line number="139" hits="0"/>
                <line number="140" hits="0"/>
                <line number="141" hits="0"/>
                <line number="143" hits="0"/>
                <line number="147" hits="0"/>
                <line number="148" hits="0"/>
                <line number="149" hits="0"/>
                <line number="150" hits="0"/>
                <line number="151" hits="0"/>
                <line number="152" hits="0"/>
                <line number="153" hits="0"/>
                <line number="154" hits="0"/>
                <line number="155" hits="0"/>
                <line number="158" hits="0"/>
                <line number="161" hits="0"/>
                <line number="162" hits="0"/>
                <line number="163" hits="0"/>
                <line number="164" hits="0"/>
                <line number="165" hits="0"/>
                <line number="166" hits="0"/>
                <line number="167" hits="0"/>
                <line number="168" hits="0"/>
                <line number="170" hits="0"/>
                <line number="173" hits="0"/>
                <line number="175" hits="0"/>
                <line number="176" hits="0"/>
                <line number="177" hits="0"/>
                <line number="179" hits="0"/>
                <line number="182" hits="0"/>
                <line number="185" hits="0"/>
                <line number="186" hits="0"/>
                <line number="187" hits="0"/>
                <line number="188" hits="0"/>
                <line number="189" hits="0"/>
                <line number="190" hits="0"/>
                <line number="191" hits="0"/>
                <line number="193" hits="0"/>
                <line number="194" hits="0"/>
                <line number="198" hits="0"/>
                <line number="199" hits="0"/>
                <line number="202" hits="0"/>
                <line number="203" hits="0"/>
                <line number="206" hits="0"/>
                <line number="207" hits="0"/>
                <line number="210" hits="0"/>
                <line number="211" hits="0"/>
                <line number="214" hits="0"/>
                <line number="215" hits="0"/>
                <line number="216" hits="0"/>
                <line number="219" hits="0"/>
                <line number="220" hits="0"/>
                <line number="222" hits="0"/>
                <line number="223" hits="0"/>
                <line number="226" hits="0"/>
                <line number="227" hits="0"/>
                <line number="229" hits="0"/>
                <line number="232" hits="0"/>
                <line number="233" hits="0"/>
                <line number="235" hits="0"/>
                <line number="238" hits="0"/>
                <line number="239" hits="0"/>
                <line number="241" hits="0"/>
                <line number="244" hits="0"/>
                <line number="245" hits="0"/>
                <line number="247" hits="0"/>
                <line number="250" hits="0"/>
              </lines>
            </method>
            <method name="column" signature="" line-rate="0" branch-rate="0" complexity="1">
              <lines>
                <line number="255" hits="0"/>
              </lines>
            </method>
            <method name="comment" signature="" line-rate="0" branch-rate="0" complexity="1">
              <lines>
                <line number="260" hits="0"/>
              </lines>
            </method>
            <method name="description" signature="" line-rate="0" branch-rate="0" complexity="1">
              <lines>
                <line number="265" hits="0"/>
              </lines>
            </method>
            <method name="label" signature="" line-rate="0" branch-rate="0" complexity="1">
              <lines>
                <line number="270" hits="0"/>
              </lines>
            </method>
            <method name="default" signature="" line-rate="0" branch-rate="0" complexity="1">
              <lines>
                <line number="275" hits="0"/>
              </lines>
            </method>
            <method name="hasDefault" signature="" line-rate="0" branch-rate="0" complexity="1">
              <lines>
                <line number="280" hits="0"/>
              </lines>
            </method>
            <method name="icon" signature="" line-rate="0" branch-rate="0" complexity="1">
              <lines>
                <line number="285" hits="0"/>
              </lines>
            </method>
            <method name="html" signature="" line-rate="0" branch-rate="0" complexity="1">
              <lines>
                <line number="290" hits="0"/>
              </lines>
            </method>
            <method name="index" signature="" line-rate="0" branch-rate="0" complexity="1">
              <lines>
                <line number="295" hits="0"/>
              </lines>
            </method>
            <method name="nullable" signature="" line-rate="0" branch-rate="0" complexity="1">
              <lines>
                <line number="300" hits="0"/>
              </lines>
            </method>
            <method name="readOnly" signature="" line-rate="0" branch-rate="0" complexity="1">
              <lines>
                <line number="305" hits="0"/>
              </lines>
            </method>
            <method name="precision" signature="" line-rate="0" branch-rate="0" complexity="1">
              <lines>
                <line number="310" hits="0"/>
              </lines>
            </method>
            <method name="scale" signature="" line-rate="0" branch-rate="0" complexity="1">
              <lines>
                <line number="315" hits="0"/>
              </lines>
            </method>
            <method name="unsigned" signature="" line-rate="0" branch-rate="0" complexity="1">
              <lines>
                <line number="320" hits="0"/>
              </lines>
            </method>
          </methods>
          <lines>
            <line number="117" hits="0"/>
            <line number="125" hits="0"/>
            <line number="127" hits="0"/>
            <line number="128" hits="0"/>
            <line number="130" hits="0"/>
            <line number="133" hits="0"/>
            <line number="134" hits="0"/>
            <line number="136" hits="0"/>
            <line number="137" hits="0"/>
            <line number="138" hits="0"/>
            <line number="139" hits="0"/>
            <line number="140" hits="0"/>
            <line number="141" hits="0"/>
            <line number="143" hits="0"/>
            <line number="147" hits="0"/>
            <line number="148" hits="0"/>
            <line number="149" hits="0"/>
            <line number="150" hits="0"/>
            <line number="151" hits="0"/>
            <line number="152" hits="0"/>
            <line number="153" hits="0"/>
            <line number="154" hits="0"/>
            <line number="155" hits="0"/>
            <line number="158" hits="0"/>
            <line number="161" hits="0"/>
            <line number="162" hits="0"/>
            <line number="163" hits="0"/>
            <line number="164" hits="0"/>
            <line number="165" hits="0"/>
            <line number="166" hits="0"/>
            <line number="167" hits="0"/>
            <line number="168" hits="0"/>
            <line number="170" hits="0"/>
            <line number="173" hits="0"/>
            <line number="175" hits="0"/>
            <line number="176" hits="0"/>
            <line number="177" hits="0"/>
            <line number="179" hits="0"/>
            <line number="182" hits="0"/>
            <line number="185" hits="0"/>
            <line number="186" hits="0"/>
            <line number="187" hits="0"/>
            <line number="188" hits="0"/>
            <line number="189" hits="0"/>
            <line number="190" hits="0"/>
            <line number="191" hits="0"/>
            <line number="193" hits="0"/>
            <line number="194" hits="0"/>
            <line number="198" hits="0"/>
            <line number="199" hits="0"/>
            <line number="202" hits="0"/>
            <line number="203" hits="0"/>
            <line number="206" hits="0"/>
            <line number="207" hits="0"/>
            <line number="210" hits="0"/>
            <line number="211" hits="0"/>
            <line number="214" hits="0"/>
            <line number="215" hits="0"/>
            <line number="216" hits="0"/>
            <line number="219" hits="0"/>
            <line number="220" hits="0"/>
            <line number="222" hits="0"/>
            <line number="223" hits="0"/>
            <line number="226" hits="0"/>
            <line number="227" hits="0"/>
            <line number="229" hits="0"/>
            <line number="232" hits="0"/>
            <line number="233" hits="0"/>
            <line number="235" hits="0"/>
            <line number="238" hits="0"/>
            <line number="239" hits="0"/>
            <line number="241" hits="0"/>
            <line number="244" hits="0"/>
            <line number="245" hits="0"/>
            <line number="247" hits="0"/>
            <line number="250" hits="0"/>
            <line number="255" hits="0"/>
            <line number="260" hits="0"/>
            <line number="265" hits="0"/>
            <line number="270" hits="0"/>
            <line number="275" hits="0"/>
            <line number="280" hits="0"/>
            <line number="285" hits="0"/>
            <line number="290" hits="0"/>
            <line number="295" hits="0"/>
            <line number="300" hits="0"/>
            <line number="305" hits="0"/>
            <line number="310" hits="0"/>
            <line number="315" hits="0"/>
            <line number="320" hits="0"/>
          </lines>
        </class>
      </classes>
    </package>
    <package name="Configuration/Concerns/Columns.php" line-rate="0" branch-rate="0" complexity="35">
      <classes>
        <class name="Playground\Make\Recipe\Configuration\Concerns\Columns" filename="Configuration/Concerns/Columns.php" line-rate="0" branch-rate="0" complexity="35">
          <methods>
            <method name="addColumn" signature="string $column_slug, Column $column" line-rate="0" branch-rate="0" complexity="1">
              <lines>
                <line number="25" hits="0"/>
                <line number="26" hits="0"/>
                <line number="27" hits="0"/>
                <line number="29" hits="0"/>
              </lines>
            </method>
            <method name="removeColumn" signature="string $column_slug" line-rate="0" branch-rate="0" complexity="1">
              <lines>
                <line number="34" hits="0"/>
                <line number="35" hits="0"/>
                <line number="37" hits="0"/>
              </lines>
            </method>
            <method name="addColumns" signature="array $columns" line-rate="0" branch-rate="0" complexity="31">
              <lines>
                <line number="45" hits="0"/>
                <line number="46" hits="0"/>
                <line number="47" hits="0"/>
                <line number="48" hits="0"/>
                <line number="49" hits="0"/>
                <line number="50" hits="0"/>
                <line number="52" hits="0"/>
                <line number="54" hits="0"/>
                <line number="56" hits="0"/>
                <line number="57" hits="0"/>
                <line number="58" hits="0"/>
                <line number="60" hits="0"/>
                <line number="62" hits="0"/>
                <line number="63" hits="0"/>
                <line number="64" hits="0"/>
                <line number="66" hits="0"/>
                <line number="68" hits="0"/>
                <line number="69" hits="0"/>
                <line number="71" hits="0"/>
                <line number="73" hits="0"/>
                <line number="74" hits="0"/>
                <line number="76" hits="0"/>
                <line number="78" hits="0"/>
                <line number="79" hits="0"/>
                <line number="81" hits="0"/>
                <line number="83" hits="0"/>
                <line number="84" hits="0"/>
                <line number="86" hits="0"/>
                <line number="88" hits="0"/>
                <line number="89" hits="0"/>
                <line number="91" hits="0"/>
                <line number="93" hits="0"/>
                <line number="94" hits="0"/>
                <line number="96" hits="0"/>
                <line number="97" hits="0"/>
                <line number="99" hits="0"/>
                <line number="100" hits="0"/>
                <line number="102" hits="0"/>
                <line number="103" hits="0"/>
                <line number="105" hits="0"/>
                <line number="109" hits="0"/>
              </lines>
            </method>
            <method name="column" signature="string $column_slug" line-rate="0" branch-rate="0" complexity="1">
              <lines>
                <line number="114" hits="0"/>
                <line number="116" hits="0"/>
              </lines>
            </method>
            <method name="columns" signature="" line-rate="0" branch-rate="0" complexity="1">
              <lines>
                <line number="124" hits="0"/>
              </lines>
            </method>
          </methods>
          <lines>
            <line number="25" hits="0"/>
            <line number="26" hits="0"/>
            <line number="27" hits="0"/>
            <line number="29" hits="0"/>
            <line number="34" hits="0"/>
            <line number="35" hits="0"/>
            <line number="37" hits="0"/>
            <line number="45" hits="0"/>
            <line number="46" hits="0"/>
            <line number="47" hits="0"/>
            <line number="48" hits="0"/>
            <line number="49" hits="0"/>
            <line number="50" hits="0"/>
            <line number="52" hits="0"/>
            <line number="54" hits="0"/>
            <line number="56" hits="0"/>
            <line number="57" hits="0"/>
            <line number="58" hits="0"/>
            <line number="60" hits="0"/>
            <line number="62" hits="0"/>
            <line number="63" hits="0"/>
            <line number="64" hits="0"/>
            <line number="66" hits="0"/>
            <line number="68" hits="0"/>
            <line number="69" hits="0"/>
            <line number="71" hits="0"/>
            <line number="73" hits="0"/>
            <line number="74" hits="0"/>
            <line number="76" hits="0"/>
            <line number="78" hits="0"/>
            <line number="79" hits="0"/>
            <line number="81" hits="0"/>
            <line number="83" hits="0"/>
            <line number="84" hits="0"/>
            <line number="86" hits="0"/>
            <line number="88" hits="0"/>
            <line number="89" hits="0"/>
            <line number="91" hits="0"/>
            <line number="93" hits="0"/>
            <line number="94" hits="0"/>
            <line number="96" hits="0"/>
            <line number="97" hits="0"/>
            <line number="99" hits="0"/>
            <line number="100" hits="0"/>
            <line number="102" hits="0"/>
            <line number="103" hits="0"/>
            <line number="105" hits="0"/>
            <line number="109" hits="0"/>
            <line number="114" hits="0"/>
            <line number="116" hits="0"/>
            <line number="124" hits="0"/>
          </lines>
        </class>
      </classes>
    </package>
    <package name="Configuration/Concerns/Dates.php" line-rate="0" branch-rate="0" complexity="21">
      <classes>
        <class name="Playground\Make\Recipe\Configuration\Concerns\Dates" filename="Configuration/Concerns/Dates.php" line-rate="0" branch-rate="0" complexity="21">
          <methods>
            <method name="addDate" signature="string $column, Date $date" line-rate="0" branch-rate="0" complexity="1">
              <lines>
                <line number="25" hits="0"/>
                <line number="26" hits="0"/>
                <line number="27" hits="0"/>
                <line number="29" hits="0"/>
              </lines>
            </method>
            <method name="removeDate" signature="string $column" line-rate="0" branch-rate="0" complexity="1">
              <lines>
                <line number="34" hits="0"/>
                <line number="35" hits="0"/>
                <line number="37" hits="0"/>
              </lines>
            </method>
            <method name="addDates" signature="array $dates" line-rate="0" branch-rate="0" complexity="17">
              <lines>
                <line number="45" hits="0"/>
                <line number="46" hits="0"/>
                <line number="47" hits="0"/>
                <line number="48" hits="0"/>
                <line number="49" hits="0"/>
                <line number="50" hits="0"/>
                <line number="52" hits="0"/>
                <line number="54" hits="0"/>
                <line number="56" hits="0"/>
                <line number="57" hits="0"/>
                <line number="58" hits="0"/>
                <line number="60" hits="0"/>
                <line number="62" hits="0"/>
                <line number="63" hits="0"/>
                <line number="64" hits="0"/>
                <line number="66" hits="0"/>
                <line number="68" hits="0"/>
                <line number="69" hits="0"/>
                <line number="71" hits="0"/>
                <line number="72" hits="0"/>
                <line number="74" hits="0"/>
                <line number="75" hits="0"/>
                <line number="77" hits="0"/>
                <line number="81" hits="0"/>
              </lines>
            </method>
            <method name="date" signature="string $column" line-rate="0" branch-rate="0" complexity="1">
              <lines>
                <line number="86" hits="0"/>
                <line number="88" hits="0"/>
              </lines>
            </method>
            <method name="dates" signature="" line-rate="0" branch-rate="0" complexity="1">
              <lines>
                <line number="96" hits="0"/>
              </lines>
            </method>
          </methods>
          <lines>
            <line number="25" hits="0"/>
            <line number="26" hits="0"/>
            <line number="27" hits="0"/>
            <line number="29" hits="0"/>
            <line number="34" hits="0"/>
            <line number="35" hits="0"/>
            <line number="37" hits="0"/>
            <line number="45" hits="0"/>
            <line number="46" hits="0"/>
            <line number="47" hits="0"/>
            <line number="48" hits="0"/>
            <line number="49" hits="0"/>
            <line number="50" hits="0"/>
            <line number="52" hits="0"/>
            <line number="54" hits="0"/>
            <line number="56" hits="0"/>
            <line number="57" hits="0"/>
            <line number="58" hits="0"/>
            <line number="60" hits="0"/>
            <line number="62" hits="0"/>
            <line number="63" hits="0"/>
            <line number="64" hits="0"/>
            <line number="66" hits="0"/>
            <line number="68" hits="0"/>
            <line number="69" hits="0"/>
            <line number="71" hits="0"/>
            <line number="72" hits="0"/>
            <line number="74" hits="0"/>
            <line number="75" hits="0"/>
            <line number="77" hits="0"/>
            <line number="81" hits="0"/>
            <line number="86" hits="0"/>
            <line number="88" hits="0"/>
            <line number="96" hits="0"/>
          </lines>
        </class>
      </classes>
    </package>
    <package name="Configuration/Concerns/FactoryStates.php" line-rate="0" branch-rate="0" complexity="16">
      <classes>
        <class name="Playground\Make\Recipe\Configuration\Concerns\FactoryStates" filename="Configuration/Concerns/FactoryStates.php" line-rate="0" branch-rate="0" complexity="16">
          <methods>
            <method name="addFactoryState" signature="string $column, FactoryState $factoryState" line-rate="0" branch-rate="0" complexity="1">
              <lines>
                <line number="25" hits="0"/>
                <line number="26" hits="0"/>
                <line number="27" hits="0"/>
                <line number="29" hits="0"/>
              </lines>
            </method>
            <method name="removeFactoryState" signature="string $column" line-rate="0" branch-rate="0" complexity="1">
              <lines>
                <line number="34" hits="0"/>
                <line number="35" hits="0"/>
                <line number="37" hits="0"/>
              </lines>
            </method>
            <method name="addFactoryStates" signature="array $factoryStates" line-rate="0" branch-rate="0" complexity="12">
              <lines>
                <line number="45" hits="0"/>
                <line number="46" hits="0"/>
                <line number="47" hits="0"/>
                <line number="48" hits="0"/>
                <line number="49" hits="0"/>
                <line number="51" hits="0"/>
                <line number="53" hits="0"/>
                <line number="55" hits="0"/>
                <line number="56" hits="0"/>
                <line number="58" hits="0"/>
                <line number="60" hits="0"/>
                <line number="61" hits="0"/>
                <line number="63" hits="0"/>
                <line number="65" hits="0"/>
                <line number="66" hits="0"/>
                <line number="68" hits="0"/>
                <line number="72" hits="0"/>
              </lines>
            </method>
            <method name="factoryState" signature="string $column" line-rate="0" branch-rate="0" complexity="1">
              <lines>
                <line number="77" hits="0"/>
                <line number="79" hits="0"/>
              </lines>
            </method>
            <method name="factoryStates" signature="" line-rate="0" branch-rate="0" complexity="1">
              <lines>
                <line number="87" hits="0"/>
              </lines>
            </method>
          </methods>
          <lines>
            <line number="25" hits="0"/>
            <line number="26" hits="0"/>
            <line number="27" hits="0"/>
            <line number="29" hits="0"/>
            <line number="34" hits="0"/>
            <line number="35" hits="0"/>
            <line number="37" hits="0"/>
            <line number="45" hits="0"/>
            <line number="46" hits="0"/>
            <line number="47" hits="0"/>
            <line number="48" hits="0"/>
            <line number="49" hits="0"/>
            <line number="51" hits="0"/>
            <line number="53" hits="0"/>
            <line number="55" hits="0"/>
            <line number="56" hits="0"/>
            <line number="58" hits="0"/>
            <line number="60" hits="0"/>
            <line number="61" hits="0"/>
            <line number="63" hits="0"/>
            <line number="65" hits="0"/>
            <line number="66" hits="0"/>
            <line number="68" hits="0"/>
            <line number="72" hits="0"/>
            <line number="77" hits="0"/>
            <line number="79" hits="0"/>
            <line number="87" hits="0"/>
          </lines>
        </class>
      </classes>
    </package>
    <package name="Configuration/Concerns/Flags.php" line-rate="0" branch-rate="0" complexity="21">
      <classes>
        <class name="Playground\Make\Recipe\Configuration\Concerns\Flags" filename="Configuration/Concerns/Flags.php" line-rate="0" branch-rate="0" complexity="21">
          <methods>
            <method name="addFlag" signature="string $column, Flag $flag" line-rate="0" branch-rate="0" complexity="1">
              <lines>
                <line number="25" hits="0"/>
                <line number="26" hits="0"/>
                <line number="27" hits="0"/>
                <line number="29" hits="0"/>
              </lines>
            </method>
            <method name="removeFlag" signature="string $column" line-rate="0" branch-rate="0" complexity="1">
              <lines>
                <line number="34" hits="0"/>
                <line number="35" hits="0"/>
                <line number="37" hits="0"/>
              </lines>
            </method>
            <method name="addFlags" signature="array $flags" line-rate="0" branch-rate="0" complexity="17">
              <lines>
                <line number="45" hits="0"/>
                <line number="46" hits="0"/>
                <line number="47" hits="0"/>
                <line number="48" hits="0"/>
                <line number="49" hits="0"/>
                <line number="50" hits="0"/>
                <line number="52" hits="0"/>
                <line number="54" hits="0"/>
                <line number="56" hits="0"/>
                <line number="57" hits="0"/>
                <line number="59" hits="0"/>
                <line number="61" hits="0"/>
                <line number="62" hits="0"/>
                <line number="64" hits="0"/>
                <line number="66" hits="0"/>
                <line number="67" hits="0"/>
                <line number="69" hits="0"/>
                <line number="71" hits="0"/>
                <line number="72" hits="0"/>
                <line number="74" hits="0"/>
                <line number="75" hits="0"/>
                <line number="77" hits="0"/>
                <line number="78" hits="0"/>
                <line number="80" hits="0"/>
                <line number="84" hits="0"/>
              </lines>
            </method>
            <method name="flag" signature="string $column" line-rate="0" branch-rate="0" complexity="1">
              <lines>
                <line number="89" hits="0"/>
                <line number="91" hits="0"/>
              </lines>
            </method>
            <method name="flags" signature="" line-rate="0" branch-rate="0" complexity="1">
              <lines>
                <line number="99" hits="0"/>
              </lines>
            </method>
          </methods>
          <lines>
            <line number="25" hits="0"/>
            <line number="26" hits="0"/>
            <line number="27" hits="0"/>
            <line number="29" hits="0"/>
            <line number="34" hits="0"/>
            <line number="35" hits="0"/>
            <line number="37" hits="0"/>
            <line number="45" hits="0"/>
            <line number="46" hits="0"/>
            <line number="47" hits="0"/>
            <line number="48" hits="0"/>
            <line number="49" hits="0"/>
            <line number="50" hits="0"/>
            <line number="52" hits="0"/>
            <line number="54" hits="0"/>
            <line number="56" hits="0"/>
            <line number="57" hits="0"/>
            <line number="59" hits="0"/>
            <line number="61" hits="0"/>
            <line number="62" hits="0"/>
            <line number="64" hits="0"/>
            <line number="66" hits="0"/>
            <line number="67" hits="0"/>
            <line number="69" hits="0"/>
            <line number="71" hits="0"/>
            <line number="72" hits="0"/>
            <line number="74" hits="0"/>
            <line number="75" hits="0"/>
            <line number="77" hits="0"/>
            <line number="78" hits="0"/>
            <line number="80" hits="0"/>
            <line number="84" hits="0"/>
            <line number="89" hits="0"/>
            <line number="91" hits="0"/>
            <line number="99" hits="0"/>
          </lines>
        </class>
      </classes>
    </package>
    <package name="Configuration/Concerns/Flavors.php" line-rate="0" branch-rate="0" complexity="7">
      <classes>
        <class name="Playground\Make\Recipe\Configuration\Concerns\Flavors" filename="Configuration/Concerns/Flavors.php" line-rate="0" branch-rate="0" complexity="7">
          <methods>
            <method name="addFlavor" signature="string $flavor" line-rate="0" branch-rate="0" complexity="2">
              <lines>
                <line number="23" hits="0"/>
                <line number="25" hits="0"/>
                <line number="26" hits="0"/>
                <line number="29" hits="0"/>
              </lines>
            </method>
            <method name="removeFlavor" signature="string $flavor" line-rate="0" branch-rate="0" complexity="1">
              <lines>
                <line number="34" hits="0"/>
                <line number="36" hits="0"/>
                <line number="37" hits="0"/>
                <line number="38" hits="0"/>
                <line number="40" hits="0"/>
              </lines>
            </method>
            <method name="addFlavors" signature="array $flavors" line-rate="0" branch-rate="0" complexity="3">
              <lines>
                <line number="48" hits="0"/>
                <line number="49" hits="0"/>
                <line number="50" hits="0"/>
                <line number="54" hits="0"/>
              </lines>
            </method>
            <method name="flavors" signature="" line-rate="0" branch-rate="0" complexity="1">
              <lines>
                <line number="62" hits="0"/>
              </lines>
            </method>
          </methods>
          <lines>
            <line number="23" hits="0"/>
            <line number="25" hits="0"/>
            <line number="26" hits="0"/>
            <line number="29" hits="0"/>
            <line number="34" hits="0"/>
            <line number="36" hits="0"/>
            <line number="37" hits="0"/>
            <line number="38" hits="0"/>
            <line number="40" hits="0"/>
            <line number="48" hits="0"/>
            <line number="49" hits="0"/>
            <line number="50" hits="0"/>
            <line number="54" hits="0"/>
            <line number="62" hits="0"/>
          </lines>
        </class>
      </classes>
    </package>
    <package name="Configuration/Concerns/JsonColumns.php" line-rate="0" branch-rate="0" complexity="25">
      <classes>
        <class name="Playground\Make\Recipe\Configuration\Concerns\JsonColumns" filename="Configuration/Concerns/JsonColumns.php" line-rate="0" branch-rate="0" complexity="25">
          <methods>
            <method name="addJsonColumn" signature="string $column, Json $json" line-rate="0" branch-rate="0" complexity="1">
              <lines>
                <line number="25" hits="0"/>
                <line number="26" hits="0"/>
                <line number="27" hits="0"/>
                <line number="29" hits="0"/>
              </lines>
            </method>
            <method name="removeJson" signature="string $column" line-rate="0" branch-rate="0" complexity="1">
              <lines>
                <line number="34" hits="0"/>
                <line number="35" hits="0"/>
                <line number="37" hits="0"/>
              </lines>
            </method>
            <method name="addJsonColumns" signature="array $json" line-rate="0" branch-rate="0" complexity="21">
              <lines>
                <line number="45" hits="0"/>
                <line number="46" hits="0"/>
                <line number="47" hits="0"/>
                <line number="48" hits="0"/>
                <line number="49" hits="0"/>
                <line number="50" hits="0"/>
                <line number="52" hits="0"/>
                <line number="54" hits="0"/>
                <line number="56" hits="0"/>
                <line number="57" hits="0"/>
                <line number="59" hits="0"/>
                <line number="61" hits="0"/>
                <line number="62" hits="0"/>
                <line number="64" hits="0"/>
                <line number="66" hits="0"/>
                <line number="67" hits="0"/>
                <line number="68" hits="0"/>
                <line number="70" hits="0"/>
                <line number="72" hits="0"/>
                <line number="73" hits="0"/>
                <line number="75" hits="0"/>
                <line number="77" hits="0"/>
                <line number="78" hits="0"/>
                <line number="80" hits="0"/>
                <line number="82" hits="0"/>
                <line number="83" hits="0"/>
                <line number="85" hits="0"/>
                <line number="86" hits="0"/>
                <line number="88" hits="0"/>
                <line number="92" hits="0"/>
              </lines>
            </method>
            <method name="jsonColumn" signature="string $column" line-rate="0" branch-rate="0" complexity="1">
              <lines>
                <line number="97" hits="0"/>
                <line number="99" hits="0"/>
              </lines>
            </method>
            <method name="json" signature="" line-rate="0" branch-rate="0" complexity="1">
              <lines>
                <line number="107" hits="0"/>
              </lines>
            </method>
          </methods>
          <lines>
            <line number="25" hits="0"/>
            <line number="26" hits="0"/>
            <line number="27" hits="0"/>
            <line number="29" hits="0"/>
            <line number="34" hits="0"/>
            <line number="35" hits="0"/>
            <line number="37" hits="0"/>
            <line number="45" hits="0"/>
            <line number="46" hits="0"/>
            <line number="47" hits="0"/>
            <line number="48" hits="0"/>
            <line number="49" hits="0"/>
            <line number="50" hits="0"/>
            <line number="52" hits="0"/>
            <line number="54" hits="0"/>
            <line number="56" hits="0"/>
            <line number="57" hits="0"/>
            <line number="59" hits="0"/>
            <line number="61" hits="0"/>
            <line number="62" hits="0"/>
            <line number="64" hits="0"/>
            <line number="66" hits="0"/>
            <line number="67" hits="0"/>
            <line number="68" hits="0"/>
            <line number="70" hits="0"/>
            <line number="72" hits="0"/>
            <line number="73" hits="0"/>
            <line number="75" hits="0"/>
            <line number="77" hits="0"/>
            <line number="78" hits="0"/>
            <line number="80" hits="0"/>
            <line number="82" hits="0"/>
            <line number="83" hits="0"/>
            <line number="85" hits="0"/>
            <line number="86" hits="0"/>
            <line number="88" hits="0"/>
            <line number="92" hits="0"/>
            <line number="97" hits="0"/>
            <line number="99" hits="0"/>
            <line number="107" hits="0"/>
          </lines>
        </class>
      </classes>
    </package>
    <package name="Configuration/Concerns/PackageModels.php" line-rate="0" branch-rate="0" complexity="25">
      <classes>
        <class name="Playground\Make\Recipe\Configuration\Concerns\PackageModels" filename="Configuration/Concerns/PackageModels.php" line-rate="0" branch-rate="0" complexity="25">
          <methods>
            <method name="addPackageModel" signature="string $className, PackageModel $model" line-rate="0" branch-rate="0" complexity="1">
              <lines>
                <line number="25" hits="0"/>
                <line number="26" hits="0"/>
                <line number="27" hits="0"/>
                <line number="29" hits="0"/>
              </lines>
            </method>
            <method name="removePackageModel" signature="string $className" line-rate="0" branch-rate="0" complexity="1">
              <lines>
                <line number="34" hits="0"/>
                <line number="35" hits="0"/>
                <line number="37" hits="0"/>
              </lines>
            </method>
            <method name="addPackageModels" signature="array $models" line-rate="0" branch-rate="0" complexity="21">
              <lines>
                <line number="45" hits="0"/>
                <line number="46" hits="0"/>
                <line number="47" hits="0"/>
                <line number="48" hits="0"/>
                <line number="49" hits="0"/>
                <line number="50" hits="0"/>
                <line number="52" hits="0"/>
                <line number="53" hits="0"/>
                <line number="54" hits="0"/>
                <line number="55" hits="0"/>
                <line number="57" hits="0"/>
                <line number="59" hits="0"/>
                <line number="62" hits="0"/>
                <line number="63" hits="0"/>
                <line number="64" hits="0"/>
                <line number="65" hits="0"/>
                <line number="66" hits="0"/>
                <line number="67" hits="0"/>
                <line number="68" hits="0"/>
                <line number="69" hits="0"/>
                <line number="70" hits="0"/>
                <line number="71" hits="0"/>
                <line number="72" hits="0"/>
                <line number="73" hits="0"/>
                <line number="74" hits="0"/>
                <line number="75" hits="0"/>
                <line number="76" hits="0"/>
                <line number="77" hits="0"/>
                <line number="78" hits="0"/>
                <line number="79" hits="0"/>
                <line number="81" hits="0"/>
                <line number="82" hits="0"/>
                <line number="83" hits="0"/>
                <line number="85" hits="0"/>
                <line number="90" hits="0"/>
                <line number="91" hits="0"/>
                <line number="92" hits="0"/>
                <line number="93" hits="0"/>
                <line number="94" hits="0"/>
                <line number="99" hits="0"/>
                <line number="100" hits="0"/>
                <line number="102" hits="0"/>
                <line number="103" hits="0"/>
                <line number="106" hits="0"/>
                <line number="110" hits="0"/>
              </lines>
            </method>
            <method name="packageModel" signature="string $className" line-rate="0" branch-rate="0" complexity="1">
              <lines>
                <line number="115" hits="0"/>
                <line number="117" hits="0"/>
              </lines>
            </method>
            <method name="packageModels" signature="" line-rate="0" branch-rate="0" complexity="1">
              <lines>
                <line number="125" hits="0"/>
              </lines>
            </method>
          </methods>
          <lines>
            <line number="25" hits="0"/>
            <line number="26" hits="0"/>
            <line number="27" hits="0"/>
            <line number="29" hits="0"/>
            <line number="34" hits="0"/>
            <line number="35" hits="0"/>
            <line number="37" hits="0"/>
            <line number="45" hits="0"/>
            <line number="46" hits="0"/>
            <line number="47" hits="0"/>
            <line number="48" hits="0"/>
            <line number="49" hits="0"/>
            <line number="50" hits="0"/>
            <line number="52" hits="0"/>
            <line number="53" hits="0"/>
            <line number="54" hits="0"/>
            <line number="55" hits="0"/>
            <line number="57" hits="0"/>
            <line number="59" hits="0"/>
            <line number="62" hits="0"/>
            <line number="63" hits="0"/>
            <line number="64" hits="0"/>
            <line number="65" hits="0"/>
            <line number="66" hits="0"/>
            <line number="67" hits="0"/>
            <line number="68" hits="0"/>
            <line number="69" hits="0"/>
            <line number="70" hits="0"/>
            <line number="71" hits="0"/>
            <line number="72" hits="0"/>
            <line number="73" hits="0"/>
            <line number="74" hits="0"/>
            <line number="75" hits="0"/>
            <line number="76" hits="0"/>
            <line number="77" hits="0"/>
            <line number="78" hits="0"/>
            <line number="79" hits="0"/>
            <line number="81" hits="0"/>
            <line number="82" hits="0"/>
            <line number="83" hits="0"/>
            <line number="85" hits="0"/>
            <line number="90" hits="0"/>
            <line number="91" hits="0"/>
            <line number="92" hits="0"/>
            <line number="93" hits="0"/>
            <line number="94" hits="0"/>
            <line number="99" hits="0"/>
            <line number="100" hits="0"/>
            <line number="102" hits="0"/>
            <line number="103" hits="0"/>
            <line number="106" hits="0"/>
            <line number="110" hits="0"/>
            <line number="115" hits="0"/>
            <line number="117" hits="0"/>
            <line number="125" hits="0"/>
          </lines>
        </class>
      </classes>
    </package>
    <package name="Configuration/Date.php" line-rate="0" branch-rate="0" complexity="17">
      <classes>
        <class name="Playground\Make\Recipe\Configuration\Date" filename="Configuration/Date.php" line-rate="0" branch-rate="0" complexity="17">
          <methods>
            <method name="setOptions" signature="array $options" line-rate="0" branch-rate="0" complexity="11">
              <lines>
                <line number="54" hits="0"/>
                <line number="56" hits="0"/>
                <line number="57" hits="0"/>
                <line number="58" hits="0"/>
                <line number="60" hits="0"/>
                <line number="63" hits="0"/>
                <line number="64" hits="0"/>
                <line number="66" hits="0"/>
                <line number="69" hits="0"/>
                <line number="70" hits="0"/>
                <line number="72" hits="0"/>
                <line number="75" hits="0"/>
                <line number="76" hits="0"/>
                <line number="79" hits="0"/>
                <line number="80" hits="0"/>
                <line number="83" hits="0"/>
                <line number="84" hits="0"/>
                <line number="87" hits="0"/>
              </lines>
            </method>
            <method name="column" signature="" line-rate="0" branch-rate="0" complexity="1">
              <lines>
                <line number="92" hits="0"/>
              </lines>
            </method>
            <method name="description" signature="" line-rate="0" branch-rate="0" complexity="1">
              <lines>
                <line number="97" hits="0"/>
              </lines>
            </method>
            <method name="label" signature="" line-rate="0" branch-rate="0" complexity="1">
              <lines>
                <line number="102" hits="0"/>
              </lines>
            </method>
            <method name="index" signature="" line-rate="0" branch-rate="0" complexity="1">
              <lines>
                <line number="107" hits="0"/>
              </lines>
            </method>
            <method name="nullable" signature="" line-rate="0" branch-rate="0" complexity="1">
              <lines>
                <line number="112" hits="0"/>
              </lines>
            </method>
            <method name="readOnly" signature="" line-rate="0" branch-rate="0" complexity="1">
              <lines>
                <line number="117" hits="0"/>
              </lines>
            </method>
          </methods>
          <lines>
            <line number="54" hits="0"/>
            <line number="56" hits="0"/>
            <line number="57" hits="0"/>
            <line number="58" hits="0"/>
            <line number="60" hits="0"/>
            <line number="63" hits="0"/>
            <line number="64" hits="0"/>
            <line number="66" hits="0"/>
            <line number="69" hits="0"/>
            <line number="70" hits="0"/>
            <line number="72" hits="0"/>
            <line number="75" hits="0"/>
            <line number="76" hits="0"/>
            <line number="79" hits="0"/>
            <line number="80" hits="0"/>
            <line number="83" hits="0"/>
            <line number="84" hits="0"/>
            <line number="87" hits="0"/>
            <line number="92" hits="0"/>
            <line number="97" hits="0"/>
            <line number="102" hits="0"/>
            <line number="107" hits="0"/>
            <line number="112" hits="0"/>
            <line number="117" hits="0"/>
          </lines>
        </class>
      </classes>
    </package>
    <package name="Configuration/FactoryState.php" line-rate="0" branch-rate="0" complexity="20">
      <classes>
        <class name="Playground\Make\Recipe\Configuration\FactoryState" filename="Configuration/FactoryState.php" line-rate="0" branch-rate="0" complexity="20">
          <methods>
            <method name="setOptions" signature="array $options" line-rate="0" branch-rate="0" complexity="16">
              <lines>
                <line number="52" hits="0"/>
                <line number="54" hits="0"/>
                <line number="55" hits="0"/>
                <line number="56" hits="0"/>
                <line number="58" hits="0"/>
                <line number="61" hits="0"/>
                <line number="62" hits="0"/>
                <line number="64" hits="0"/>
                <line number="67" hits="0"/>
                <line number="68" hits="0"/>
                <line number="70" hits="0"/>
                <line number="71" hits="0"/>
                <line number="72" hits="0"/>
                <line number="73" hits="0"/>
                <line number="74" hits="0"/>
                <line number="76" hits="0"/>
                <line number="80" hits="0"/>
                <line number="81" hits="0"/>
                <line number="82" hits="0"/>
                <line number="83" hits="0"/>
                <line number="84" hits="0"/>
                <line number="85" hits="0"/>
                <line number="86" hits="0"/>
                <line number="87" hits="0"/>
                <line number="88" hits="0"/>
                <line number="89" hits="0"/>
                <line number="90" hits="0"/>
                <line number="91" hits="0"/>
                <line number="93" hits="0"/>
                <line number="96" hits="0"/>
                <line number="100" hits="0"/>
              </lines>
            </method>
            <method name="description" signature="" line-rate="0" branch-rate="0" complexity="1">
              <lines>
                <line number="105" hits="0"/>
              </lines>
            </method>
            <method name="state" signature="" line-rate="0" branch-rate="0" complexity="1">
              <lines>
                <line number="110" hits="0"/>
              </lines>
            </method>
            <method name="type" signature="" line-rate="0" branch-rate="0" complexity="1">
              <lines>
                <line number="115" hits="0"/>
              </lines>
            </method>
            <method name="value" signature="" line-rate="0" branch-rate="0" complexity="1">
              <lines>
                <line number="120" hits="0"/>
              </lines>
            </method>
          </methods>
          <lines>
            <line number="52" hits="0"/>
            <line number="54" hits="0"/>
            <line number="55" hits="0"/>
            <line number="56" hits="0"/>
            <line number="58" hits="0"/>
            <line number="61" hits="0"/>
            <line number="62" hits="0"/>
            <line number="64" hits="0"/>
            <line number="67" hits="0"/>
            <line number="68" hits="0"/>
            <line number="70" hits="0"/>
            <line number="71" hits="0"/>
            <line number="72" hits="0"/>
            <line number="73" hits="0"/>
            <line number="74" hits="0"/>
            <line number="76" hits="0"/>
            <line number="80" hits="0"/>
            <line number="81" hits="0"/>
            <line number="82" hits="0"/>
            <line number="83" hits="0"/>
            <line number="84" hits="0"/>
            <line number="85" hits="0"/>
            <line number="86" hits="0"/>
            <line number="87" hits="0"/>
            <line number="88" hits="0"/>
            <line number="89" hits="0"/>
            <line number="90" hits="0"/>
            <line number="91" hits="0"/>
            <line number="93" hits="0"/>
            <line number="96" hits="0"/>
            <line number="100" hits="0"/>
            <line number="105" hits="0"/>
            <line number="110" hits="0"/>
            <line number="115" hits="0"/>
            <line number="120" hits="0"/>
          </lines>
        </class>
      </classes>
    </package>
    <package name="Configuration/Flag.php" line-rate="0" branch-rate="0" complexity="22">
      <classes>
        <class name="Playground\Make\Recipe\Configuration\Flag" filename="Configuration/Flag.php" line-rate="0" branch-rate="0" complexity="22">
          <methods>
            <method name="setOptions" signature="array $options" line-rate="0" branch-rate="0" complexity="14">
              <lines>
                <line number="62" hits="0"/>
                <line number="64" hits="0"/>
                <line number="65" hits="0"/>
                <line number="67" hits="0"/>
                <line number="70" hits="0"/>
                <line number="71" hits="0"/>
                <line number="73" hits="0"/>
                <line number="76" hits="0"/>
                <line number="77" hits="0"/>
                <line number="79" hits="0"/>
                <line number="82" hits="0"/>
                <line number="83" hits="0"/>
                <line number="85" hits="0"/>
                <line number="88" hits="0"/>
                <line number="89" hits="0"/>
                <line number="90" hits="0"/>
                <line number="91" hits="0"/>
                <line number="92" hits="0"/>
                <line number="93" hits="0"/>
                <line number="94" hits="0"/>
                <line number="97" hits="0"/>
                <line number="98" hits="0"/>
                <line number="101" hits="0"/>
                <line number="102" hits="0"/>
                <line number="105" hits="0"/>
                <line number="106" hits="0"/>
                <line number="109" hits="0"/>
              </lines>
            </method>
            <method name="column" signature="" line-rate="0" branch-rate="0" complexity="1">
              <lines>
                <line number="114" hits="0"/>
              </lines>
            </method>
            <method name="description" signature="" line-rate="0" branch-rate="0" complexity="1">
              <lines>
                <line number="119" hits="0"/>
              </lines>
            </method>
            <method name="default" signature="" line-rate="0" branch-rate="0" complexity="1">
              <lines>
                <line number="124" hits="0"/>
              </lines>
            </method>
            <method name="icon" signature="" line-rate="0" branch-rate="0" complexity="1">
              <lines>
                <line number="129" hits="0"/>
              </lines>
            </method>
            <method name="label" signature="" line-rate="0" branch-rate="0" complexity="1">
              <lines>
                <line number="134" hits="0"/>
              </lines>
            </method>
            <method name="index" signature="" line-rate="0" branch-rate="0" complexity="1">
              <lines>
                <line number="139" hits="0"/>
              </lines>
            </method>
            <method name="nullable" signature="" line-rate="0" branch-rate="0" complexity="1">
              <lines>
                <line number="144" hits="0"/>
              </lines>
            </method>
            <method name="readOnly" signature="" line-rate="0" branch-rate="0" complexity="1">
              <lines>
                <line number="149" hits="0"/>
              </lines>
            </method>
          </methods>
          <lines>
            <line number="62" hits="0"/>
            <line number="64" hits="0"/>
            <line number="65" hits="0"/>
            <line number="67" hits="0"/>
            <line number="70" hits="0"/>
            <line number="71" hits="0"/>
            <line number="73" hits="0"/>
            <line number="76" hits="0"/>
            <line number="77" hits="0"/>
            <line number="79" hits="0"/>
            <line number="82" hits="0"/>
            <line number="83" hits="0"/>
            <line number="85" hits="0"/>
            <line number="88" hits="0"/>
            <line number="89" hits="0"/>
            <line number="90" hits="0"/>
            <line number="91" hits="0"/>
            <line number="92" hits="0"/>
            <line number="93" hits="0"/>
            <line number="94" hits="0"/>
            <line number="97" hits="0"/>
            <line number="98" hits="0"/>
            <line number="101" hits="0"/>
            <line number="102" hits="0"/>
            <line number="105" hits="0"/>
            <line number="106" hits="0"/>
            <line number="109" hits="0"/>
            <line number="114" hits="0"/>
            <line number="119" hits="0"/>
            <line number="124" hits="0"/>
            <line number="129" hits="0"/>
            <line number="134" hits="0"/>
            <line number="139" hits="0"/>
            <line number="144" hits="0"/>
            <line number="149" hits="0"/>
          </lines>
        </class>
      </classes>
    </package>
    <package name="Configuration/Json.php" line-rate="0" branch-rate="0" complexity="23">
      <classes>
        <class name="Playground\Make\Recipe\Configuration\Json" filename="Configuration/Json.php" line-rate="0" branch-rate="0" complexity="23">
          <methods>
            <method name="setOptions" signature="array $options" line-rate="0" branch-rate="0" complexity="16">
              <lines>
                <line number="62" hits="0"/>
                <line number="64" hits="0"/>
                <line number="65" hits="0"/>
                <line number="67" hits="0"/>
                <line number="70" hits="0"/>
                <line number="71" hits="0"/>
                <line number="73" hits="0"/>
                <line number="76" hits="0"/>
                <line number="77" hits="0"/>
                <line number="79" hits="0"/>
                <line number="82" hits="0"/>
                <line number="83" hits="0"/>
                <line number="84" hits="0"/>
                <line number="86" hits="0"/>
                <line number="89" hits="0"/>
                <line number="90" hits="0"/>
                <line number="92" hits="0"/>
                <line number="95" hits="0"/>
                <line number="96" hits="0"/>
                <line number="97" hits="0"/>
                <line number="98" hits="0"/>
                <line number="99" hits="0"/>
                <line number="100" hits="0"/>
                <line number="101" hits="0"/>
                <line number="104" hits="0"/>
                <line number="105" hits="0"/>
                <line number="108" hits="0"/>
                <line number="109" hits="0"/>
                <line number="120" hits="0"/>
              </lines>
            </method>
            <method name="column" signature="" line-rate="0" branch-rate="0" complexity="1">
              <lines>
                <line number="125" hits="0"/>
              </lines>
            </method>
            <method name="comment" signature="" line-rate="0" branch-rate="0" complexity="1">
              <lines>
                <line number="130" hits="0"/>
              </lines>
            </method>
            <method name="description" signature="" line-rate="0" branch-rate="0" complexity="1">
              <lines>
                <line number="135" hits="0"/>
              </lines>
            </method>
            <method name="default" signature="" line-rate="0" branch-rate="0" complexity="1">
              <lines>
                <line number="140" hits="0"/>
              </lines>
            </method>
            <method name="label" signature="" line-rate="0" branch-rate="0" complexity="1">
              <lines>
                <line number="145" hits="0"/>
              </lines>
            </method>
            <method name="nullable" signature="" line-rate="0" branch-rate="0" complexity="1">
              <lines>
                <line number="150" hits="0"/>
              </lines>
            </method>
            <method name="readOnly" signature="" line-rate="0" branch-rate="0" complexity="1">
              <lines>
                <line number="155" hits="0"/>
[...]
                <line number="156" hits="0"/>
                <line number="157" hits="0"/>
                <line number="158" hits="0"/>
                <line number="162" hits="0"/>
              </lines>
            </method>
            <method name="addModel" signature="array $attributes" line-rate="0" branch-rate="0" complexity="1">
              <lines>
                <line number="170" hits="0"/>
                <line number="171" hits="0"/>
                <line number="172" hits="0"/>
                <line number="173" hits="0"/>
                <line number="175" hits="0"/>
              </lines>
            </method>
            <method name="save" signature="Recipe $recipe" line-rate="0" branch-rate="0" complexity="1">
              <lines>
                <line number="180" hits="0"/>
                <line number="182" hits="0"/>
                <line number="183" hits="0"/>
                <line number="184" hits="0"/>
                <line number="185" hits="0"/>
                <line number="187" hits="0"/>
              </lines>
            </method>
            <method name="directory" signature="" line-rate="0" branch-rate="0" complexity="2">
              <lines>
                <line number="196" hits="0"/>
                <line number="197" hits="0"/>
                <line number="200" hits="0"/>
              </lines>
            </method>
            <method name="pathToConfigurations" signature="" line-rate="0" branch-rate="0" complexity="2">
              <lines>
                <line number="205" hits="0"/>
                <line number="206" hits="0"/>
                <line number="207" hits="0"/>
                <line number="210" hits="0"/>
              </lines>
            </method>
            <method name="getConfigurationPath" signature="string $recipe_slug" line-rate="0" branch-rate="0" complexity="1">
              <lines>
                <line number="215" hits="0"/>
                <line number="216" hits="0"/>
                <line number="217" hits="0"/>
                <line number="218" hits="0"/>
                <line number="219" hits="0"/>
              </lines>
            </method>
            <method name="saveConfiguration" signature="Recipe $recipe" line-rate="0" branch-rate="0" complexity="3">
              <lines>
                <line number="229" hits="0"/>
                <line number="231" hits="0"/>
                <line number="232" hits="0"/>
                <line number="233" hits="0"/>
                <line number="234" hits="0"/>
                <line number="235" hits="0"/>
                <line number="237" hits="0"/>
                <line number="238" hits="0"/>
                <line number="239" hits="0"/>
                <line number="240" hits="0"/>
                <line number="241" hits="0"/>
                <line number="242" hits="0"/>
                <line number="243" hits="0"/>
                <line number="246" hits="0"/>
                <line number="247" hits="0"/>
                <line number="248" hits="0"/>
                <line number="249" hits="0"/>
                <line number="250" hits="0"/>
                <line number="251" hits="0"/>
                <line number="252" hits="0"/>
                <line number="255" hits="0"/>
              </lines>
            </method>
            <method name="saveSource" signature="Recipe $recipe, bool $asPhp" line-rate="0" branch-rate="0" complexity="2">
              <lines>
                <line number="263" hits="0"/>
                <line number="264" hits="0"/>
                <line number="265" hits="0"/>
                <line number="266" hits="0"/>
                <line number="267" hits="0"/>
                <line number="268" hits="0"/>
                <line number="269" hits="0"/>
                <line number="271" hits="0"/>
                <line number="280" hits="0"/>
              </lines>
            </method>
          </methods>
          <lines>
            <line number="47" hits="0"/>
            <line number="52" hits="0"/>
            <line number="53" hits="0"/>
            <line number="54" hits="0"/>
            <line number="55" hits="0"/>
            <line number="56" hits="0"/>
            <line number="59" hits="0"/>
            <line number="69" hits="0"/>
            <line number="71" hits="0"/>
            <line number="72" hits="0"/>
            <line number="73" hits="0"/>
            <line number="74" hits="0"/>
            <line number="77" hits="0"/>
            <line number="82" hits="0"/>
            <line number="84" hits="0"/>
            <line number="89" hits="0"/>
            <line number="90" hits="0"/>
            <line number="92" hits="0"/>
            <line number="93" hits="0"/>
            <line number="96" hits="0"/>
            <line number="97" hits="0"/>
            <line number="99" hits="0"/>
            <line number="107" hits="0"/>
            <line number="109" hits="0"/>
            <line number="110" hits="0"/>
            <line number="113" hits="0"/>
            <line number="123" hits="0"/>
            <line number="124" hits="0"/>
            <line number="126" hits="0"/>
            <line number="127" hits="0"/>
            <line number="128" hits="0"/>
            <line number="129" hits="0"/>
            <line number="130" hits="0"/>
            <line number="131" hits="0"/>
            <line number="132" hits="0"/>
            <line number="133" hits="0"/>
            <line number="138" hits="0"/>
            <line number="139" hits="0"/>
            <line number="140" hits="0"/>
            <line number="141" hits="0"/>
            <line number="143" hits="0"/>
            <line number="144" hits="0"/>
            <line number="145" hits="0"/>
            <line number="146" hits="0"/>
            <line number="147" hits="0"/>
            <line number="148" hits="0"/>
            <line number="149" hits="0"/>
            <line number="150" hits="0"/>
            <line number="151" hits="0"/>
            <line number="153" hits="0"/>
            <line number="154" hits="0"/>
            <line number="155" hits="0"/>
            <line number="156" hits="0"/>
            <line number="157" hits="0"/>
            <line number="158" hits="0"/>
            <line number="162" hits="0"/>
            <line number="170" hits="0"/>
            <line number="171" hits="0"/>
            <line number="172" hits="0"/>
            <line number="173" hits="0"/>
            <line number="175" hits="0"/>
            <line number="180" hits="0"/>
            <line number="182" hits="0"/>
            <line number="183" hits="0"/>
            <line number="184" hits="0"/>
            <line number="185" hits="0"/>
            <line number="187" hits="0"/>
            <line number="196" hits="0"/>
            <line number="197" hits="0"/>
            <line number="200" hits="0"/>
            <line number="205" hits="0"/>
            <line number="206" hits="0"/>
            <line number="207" hits="0"/>
            <line number="210" hits="0"/>
            <line number="215" hits="0"/>
            <line number="216" hits="0"/>
            <line number="217" hits="0"/>
            <line number="218" hits="0"/>
            <line number="219" hits="0"/>
            <line number="229" hits="0"/>
            <line number="231" hits="0"/>
            <line number="232" hits="0"/>
            <line number="233" hits="0"/>
            <line number="234" hits="0"/>
            <line number="235" hits="0"/>
            <line number="237" hits="0"/>
            <line number="238" hits="0"/>
            <line number="239" hits="0"/>
            <line number="240" hits="0"/>
            <line number="241" hits="0"/>
            <line number="242" hits="0"/>
            <line number="243" hits="0"/>
            <line number="246" hits="0"/>
            <line number="247" hits="0"/>
            <line number="248" hits="0"/>
            <line number="249" hits="0"/>
            <line number="250" hits="0"/>
            <line number="251" hits="0"/>
            <line number="252" hits="0"/>
            <line number="255" hits="0"/>
            <line number="263" hits="0"/>
            <line number="264" hits="0"/>
            <line number="265" hits="0"/>
            <line number="266" hits="0"/>
            <line number="267" hits="0"/>
            <line number="268" hits="0"/>
            <line number="269" hits="0"/>
            <line number="271" hits="0"/>
            <line number="280" hits="0"/>
          </lines>
        </class>
      </classes>
    </package>
    <package name="Manager/Command.php" line-rate="0" branch-rate="0" complexity="8">
      <classes>
        <class name="Playground\Make\Recipe\Manager\Command" filename="Manager/Command.php" line-rate="0" branch-rate="0" complexity="8">
          <methods>
            <method name="__construct" signature="Recipe $recipe, array $options" line-rate="0" branch-rate="0" complexity="4">
              <lines>
                <line number="47" hits="0"/>
                <line number="49" hits="0"/>
                <line number="50" hits="0"/>
                <line number="51" hits="0"/>
                <line number="52" hits="0"/>
                <line number="53" hits="0"/>
                <line number="54" hits="0"/>
                <line number="55" hits="0"/>
                <line number="56" hits="0"/>
                <line number="57" hits="0"/>
                <line number="58" hits="0"/>
                <line number="59" hits="0"/>
                <line number="60" hits="0"/>
                <line number="61" hits="0"/>
                <line number="62" hits="0"/>
              </lines>
            </method>
            <method name="level" signature="" line-rate="0" branch-rate="0" complexity="1">
              <lines>
                <line number="69" hits="0"/>
              </lines>
            </method>
            <method name="toString" signature="" line-rate="0" branch-rate="0" complexity="3">
              <lines>
                <line number="74" hits="0"/>
                <line number="76" hits="0"/>
                <line number="77" hits="0"/>
                <line number="78" hits="0"/>
                <line number="79" hits="0"/>
                <line number="80" hits="0"/>
                <line number="81" hits="0"/>
                <line number="82" hits="0"/>
                <line number="83" hits="0"/>
                <line number="84" hits="0"/>
                <line number="85" hits="0"/>
                <line number="86" hits="0"/>
                <line number="88" hits="0"/>
                <line number="89" hits="0"/>
                <line number="90" hits="0"/>
                <line number="94" hits="0"/>
              </lines>
            </method>
          </methods>
          <lines>
            <line number="47" hits="0"/>
            <line number="49" hits="0"/>
            <line number="50" hits="0"/>
            <line number="51" hits="0"/>
            <line number="52" hits="0"/>
            <line number="53" hits="0"/>
            <line number="54" hits="0"/>
            <line number="55" hits="0"/>
            <line number="56" hits="0"/>
            <line number="57" hits="0"/>
            <line number="58" hits="0"/>
            <line number="59" hits="0"/>
            <line number="60" hits="0"/>
            <line number="61" hits="0"/>
            <line number="62" hits="0"/>
            <line number="69" hits="0"/>
            <line number="74" hits="0"/>
            <line number="76" hits="0"/>
            <line number="77" hits="0"/>
            <line number="78" hits="0"/>
            <line number="79" hits="0"/>
            <line number="80" hits="0"/>
            <line number="81" hits="0"/>
            <line number="82" hits="0"/>
            <line number="83" hits="0"/>
            <line number="84" hits="0"/>
            <line number="85" hits="0"/>
            <line number="86" hits="0"/>
            <line number="88" hits="0"/>
            <line number="89" hits="0"/>
            <line number="90" hits="0"/>
            <line number="94" hits="0"/>
          </lines>
        </class>
      </classes>
    </package>
    <package name="Manager/ModelCommand.php" line-rate="0" branch-rate="0" complexity="0">
      <classes>
        <class name="Playground\Make\Recipe\Manager\ModelCommand" filename="Manager/ModelCommand.php" line-rate="0" branch-rate="0" complexity="0">
          <methods/>
          <lines/>
        </class>
      </classes>
    </package>
    <package name="Manager/PackageCommand.php" line-rate="0" branch-rate="0" complexity="0">
      <classes>
        <class name="Playground\Make\Recipe\Manager\PackageCommand" filename="Manager/PackageCommand.php" line-rate="0" branch-rate="0" complexity="0">
          <methods/>
          <lines/>
        </class>
      </classes>
    </package>
    <package name="ServiceProvider.php" line-rate="1" branch-rate="0" complexity="40">
      <classes>
        <class name="Playground\Make\Recipe\ServiceProvider" filename="ServiceProvider.php" line-rate="1" branch-rate="0" complexity="40">
          <methods>
            <method name="boot" signature="" line-rate="1" branch-rate="0" complexity="11">
              <lines>
                <line number="61" hits="1"/>
                <line number="63" hits="1"/>
                <line number="65" hits="1"/>
                <line number="66" hits="1"/>
                <line number="69" hits="1"/>
                <line number="70" hits="1"/>
                <line number="71" hits="1"/>
                <line number="72" hits="1"/>
                <line number="73" hits="1"/>
                <line number="76" hits="1"/>
                <line number="77" hits="1"/>
                <line number="78" hits="1"/>
                <line number="80" hits="1"/>
                <line number="83" hits="1"/>
                <line number="84" hits="1"/>
                <line number="85" hits="1"/>
                <line number="86" hits="1"/>
                <line number="87" hits="1"/>
                <line number="92" hits="1"/>
                <line number="94" hits="1"/>
                <line number="95" hits="1"/>
                <line number="96" hits="1"/>
                <line number="99" hits="1"/>
                <line number="100" hits="1"/>
                <line number="101" hits="1"/>
                <line number="104" hits="1"/>
                <line number="105" hits="1"/>
              </lines>
            </method>
            <method name="boot_commands" signature="" line-rate="1" branch-rate="0" complexity="1">
              <lines>
                <line number="114" hits="1"/>
                <line number="116" hits="1"/>
                <line number="118" hits="1"/>
                <line number="120" hits="1"/>
              </lines>
            </method>
            <method name="register" signature="" line-rate="1" branch-rate="0" complexity="1">
              <lines>
                <line number="128" hits="1"/>
                <line number="129" hits="1"/>
                <line number="130" hits="1"/>
                <line number="131" hits="1"/>
              </lines>
            </method>
            <method name="routes" signature="array $config" line-rate="1" branch-rate="0" complexity="2">
              <lines>
                <line number="139" hits="1"/>
                <line number="140" hits="1"/>
                <line number="141" hits="1"/>
                <line number="142" hits="1"/>
                <line number="143" hits="1"/>
                <line number="144" hits="1"/>
                <line number="145" hits="1"/>
                <line number="146" hits="1"/>
                <line number="147" hits="1"/>
              </lines>
            </method>
            <method name="about" signature="" line-rate="1" branch-rate="0" complexity="25">
              <lines>
                <line number="153" hits="1"/>
                <line number="154" hits="1"/>
                <line number="156" hits="1"/>
                <line number="158" hits="1"/>
                <line number="160" hits="1"/>
                <line number="162" hits="1"/>
                <line number="164" hits="1"/>
                <line number="165" hits="1"/>
                <line number="166" hits="1"/>
                <line number="167" hits="1"/>
                <line number="168" hits="1"/>
                <line number="170" hits="1"/>
                <line number="171" hits="1"/>
                <line number="172" hits="1"/>
                <line number="174" hits="1"/>
                <line number="176" hits="1"/>
                <line number="177" hits="1"/>
                <line number="178" hits="1"/>
                <line number="179" hits="1"/>
                <line number="181" hits="1"/>
                <line number="183" hits="1"/>
                <line number="184" hits="1"/>
                <line number="185" hits="1"/>
              </lines>
            </method>
          </methods>
          <lines>
            <line number="61" hits="1"/>
            <line number="63" hits="1"/>
            <line number="65" hits="1"/>
            <line number="66" hits="1"/>
            <line number="69" hits="1"/>
            <line number="70" hits="1"/>
            <line number="71" hits="1"/>
            <line number="72" hits="1"/>
            <line number="73" hits="1"/>
            <line number="76" hits="1"/>
            <line number="77" hits="1"/>
            <line number="78" hits="1"/>
            <line number="80" hits="1"/>
            <line number="83" hits="1"/>
            <line number="84" hits="1"/>
            <line number="85" hits="1"/>
            <line number="86" hits="1"/>
            <line number="87" hits="1"/>
            <line number="92" hits="1"/>
            <line number="94" hits="1"/>
            <line number="95" hits="1"/>
            <line number="96" hits="1"/>
            <line number="99" hits="1"/>
            <line number="100" hits="1"/>
            <line number="101" hits="1"/>
            <line number="104" hits="1"/>
            <line number="105" hits="1"/>
            <line number="114" hits="1"/>
            <line number="116" hits="1"/>
            <line number="118" hits="1"/>
            <line number="120" hits="1"/>
            <line number="128" hits="1"/>
            <line number="129" hits="1"/>
            <line number="130" hits="1"/>
            <line number="131" hits="1"/>
            <line number="139" hits="1"/>
            <line number="140" hits="1"/>
            <line number="141" hits="1"/>
            <line number="142" hits="1"/>
            <line number="143" hits="1"/>
            <line number="144" hits="1"/>
            <line number="145" hits="1"/>
            <line number="146" hits="1"/>
            <line number="147" hits="1"/>
            <line number="153" hits="1"/>
            <line number="154" hits="1"/>
            <line number="156" hits="1"/>
            <line number="158" hits="1"/>
            <line number="160" hits="1"/>
            <line number="162" hits="1"/>
            <line number="164" hits="1"/>
            <line number="165" hits="1"/>
            <line number="166" hits="1"/>
            <line number="167" hits="1"/>
            <line number="168" hits="1"/>
            <line number="170" hits="1"/>
            <line number="171" hits="1"/>
            <line number="172" hits="1"/>
            <line number="174" hits="1"/>
            <line number="176" hits="1"/>
            <line number="177" hits="1"/>
            <line number="178" hits="1"/>
            <line number="179" hits="1"/>
            <line number="181" hits="1"/>
            <line number="183" hits="1"/>
            <line number="184" hits="1"/>
            <line number="185" hits="1"/>
          </lines>
        </class>
      </classes>
    </package>
  </packages>
</coverage>
